1575622514575|5|statement|connection 0|url jdbc:p6spy:mysql://localhost:3306/test|SELECT 1 FROM DUAL|SELECT 1 FROM DUAL
1575622514590|0|statement|connection 1|url jdbc:p6spy:mysql://localhost:3306/test|SELECT 1 FROM DUAL|SELECT 1 FROM DUAL
1575622514602|0|statement|connection 2|url jdbc:p6spy:mysql://localhost:3306/test|SELECT 1 FROM DUAL|SELECT 1 FROM DUAL
1575622514615|0|statement|connection 3|url jdbc:p6spy:mysql://localhost:3306/test|SELECT 1 FROM DUAL|SELECT 1 FROM DUAL
1575622514627|0|statement|connection 4|url jdbc:p6spy:mysql://localhost:3306/test|SELECT 1 FROM DUAL|SELECT 1 FROM DUAL
1575622527837|1|statement|connection 4|url jdbc:p6spy:mysql://localhost:3306/test|SELECT COUNT(1) FROM user|SELECT COUNT(1) FROM user
1575622527853|10|statement|connection 4|url jdbc:p6spy:mysql://localhost:3306/test|SELECT  id,name,age,email,phone,user_evaluation,deleted,create_time,update_time  FROM user ORDER BY name DESC LIMIT ?,?|SELECT  id,name,age,email,phone,user_evaluation,deleted,create_time,update_time  FROM user ORDER BY name DESC LIMIT 0,10
1575622626028|4|statement|connection 0|url jdbc:p6spy:mysql://localhost:3306/test|SELECT 1 FROM DUAL|SELECT 1 FROM DUAL
1575622626043|0|statement|connection 1|url jdbc:p6spy:mysql://localhost:3306/test|SELECT 1 FROM DUAL|SELECT 1 FROM DUAL
1575622626054|0|statement|connection 2|url jdbc:p6spy:mysql://localhost:3306/test|SELECT 1 FROM DUAL|SELECT 1 FROM DUAL
1575622626065|0|statement|connection 3|url jdbc:p6spy:mysql://localhost:3306/test|SELECT 1 FROM DUAL|SELECT 1 FROM DUAL
1575622626076|0|statement|connection 4|url jdbc:p6spy:mysql://localhost:3306/test|SELECT 1 FROM DUAL|SELECT 1 FROM DUAL
1575622657062|1|statement|connection 4|url jdbc:p6spy:mysql://localhost:3306/test|SELECT COUNT(1) FROM user|SELECT COUNT(1) FROM user
1575622657077|10|statement|connection 4|url jdbc:p6spy:mysql://localhost:3306/test|SELECT  id,name,age,email,phone,user_evaluation,deleted,create_time,update_time  FROM user ORDER BY name DESC LIMIT ?,?|SELECT  id,name,age,email,phone,user_evaluation,deleted,create_time,update_time  FROM user ORDER BY name DESC LIMIT 0,10
1575623030150|5|statement|connection 0|url jdbc:p6spy:mysql://localhost:3306/test|SELECT 1 FROM DUAL|SELECT 1 FROM DUAL
1575623030164|0|statement|connection 1|url jdbc:p6spy:mysql://localhost:3306/test|SELECT 1 FROM DUAL|SELECT 1 FROM DUAL
1575623030176|0|statement|connection 2|url jdbc:p6spy:mysql://localhost:3306/test|SELECT 1 FROM DUAL|SELECT 1 FROM DUAL
1575623030187|0|statement|connection 3|url jdbc:p6spy:mysql://localhost:3306/test|SELECT 1 FROM DUAL|SELECT 1 FROM DUAL
1575623030198|0|statement|connection 4|url jdbc:p6spy:mysql://localhost:3306/test|SELECT 1 FROM DUAL|SELECT 1 FROM DUAL
1575623043722|0|statement|connection 4|url jdbc:p6spy:mysql://localhost:3306/test|SELECT COUNT(1) FROM user|SELECT COUNT(1) FROM user
1575623043728|0|statement|connection 4|url jdbc:p6spy:mysql://localhost:3306/test|SELECT  id,name,age,email,phone,userEvaluation,deleted,create_time,update_time  FROM user ORDER BY name DESC LIMIT ?,?|SELECT  id,name,age,email,phone,userEvaluation,deleted,create_time,update_time  FROM user ORDER BY name DESC LIMIT 0,10
1575623065379|1|statement|connection 4|url jdbc:p6spy:mysql://localhost:3306/test|SELECT  id,name,age,email,phone,userEvaluation,deleted,create_time,update_time  FROM user     WHERE name LIKE ?|SELECT  id,name,age,email,phone,userEvaluation,deleted,create_time,update_time  FROM user     WHERE name LIKE '%张三%'
1575817817740|6|statement|connection 0|url jdbc:p6spy:mysql://localhost:3306/test|SELECT 1 FROM DUAL|SELECT 1 FROM DUAL
1575817817758|0|statement|connection 1|url jdbc:p6spy:mysql://localhost:3306/test|SELECT 1 FROM DUAL|SELECT 1 FROM DUAL
1575817817774|0|statement|connection 2|url jdbc:p6spy:mysql://localhost:3306/test|SELECT 1 FROM DUAL|SELECT 1 FROM DUAL
1575817817788|0|statement|connection 3|url jdbc:p6spy:mysql://localhost:3306/test|SELECT 1 FROM DUAL|SELECT 1 FROM DUAL
1575817817800|0|statement|connection 4|url jdbc:p6spy:mysql://localhost:3306/test|SELECT 1 FROM DUAL|SELECT 1 FROM DUAL
1575817977260|6|statement|connection 0|url jdbc:p6spy:mysql://localhost:3306/test|SELECT 1 FROM DUAL|SELECT 1 FROM DUAL
1575817977276|0|statement|connection 1|url jdbc:p6spy:mysql://localhost:3306/test|SELECT 1 FROM DUAL|SELECT 1 FROM DUAL
1575817977290|0|statement|connection 2|url jdbc:p6spy:mysql://localhost:3306/test|SELECT 1 FROM DUAL|SELECT 1 FROM DUAL
1575817977303|0|statement|connection 3|url jdbc:p6spy:mysql://localhost:3306/test|SELECT 1 FROM DUAL|SELECT 1 FROM DUAL
1575817977314|0|statement|connection 4|url jdbc:p6spy:mysql://localhost:3306/test|SELECT 1 FROM DUAL|SELECT 1 FROM DUAL
1575818003924|5|statement|connection 0|url jdbc:p6spy:mysql://localhost:3306/test|SELECT 1 FROM DUAL|SELECT 1 FROM DUAL
1575818003940|0|statement|connection 1|url jdbc:p6spy:mysql://localhost:3306/test|SELECT 1 FROM DUAL|SELECT 1 FROM DUAL
1575818003951|0|statement|connection 2|url jdbc:p6spy:mysql://localhost:3306/test|SELECT 1 FROM DUAL|SELECT 1 FROM DUAL
1575818003963|0|statement|connection 3|url jdbc:p6spy:mysql://localhost:3306/test|SELECT 1 FROM DUAL|SELECT 1 FROM DUAL
1575818003974|0|statement|connection 4|url jdbc:p6spy:mysql://localhost:3306/test|SELECT 1 FROM DUAL|SELECT 1 FROM DUAL
1575818119778|5|statement|connection 0|url jdbc:p6spy:mysql://localhost:3306/test|SELECT 1 FROM DUAL|SELECT 1 FROM DUAL
1575818119793|0|statement|connection 1|url jdbc:p6spy:mysql://localhost:3306/test|SELECT 1 FROM DUAL|SELECT 1 FROM DUAL
1575818119804|0|statement|connection 2|url jdbc:p6spy:mysql://localhost:3306/test|SELECT 1 FROM DUAL|SELECT 1 FROM DUAL
1575818119816|0|statement|connection 3|url jdbc:p6spy:mysql://localhost:3306/test|SELECT 1 FROM DUAL|SELECT 1 FROM DUAL
1575818119827|0|statement|connection 4|url jdbc:p6spy:mysql://localhost:3306/test|SELECT 1 FROM DUAL|SELECT 1 FROM DUAL
1575818175697|5|statement|connection 0|url jdbc:p6spy:mysql://localhost:3306/test|SELECT 1 FROM DUAL|SELECT 1 FROM DUAL
1575818175712|0|statement|connection 1|url jdbc:p6spy:mysql://localhost:3306/test|SELECT 1 FROM DUAL|SELECT 1 FROM DUAL
1575818175723|0|statement|connection 2|url jdbc:p6spy:mysql://localhost:3306/test|SELECT 1 FROM DUAL|SELECT 1 FROM DUAL
1575818175735|0|statement|connection 3|url jdbc:p6spy:mysql://localhost:3306/test|SELECT 1 FROM DUAL|SELECT 1 FROM DUAL
1575818175746|0|statement|connection 4|url jdbc:p6spy:mysql://localhost:3306/test|SELECT 1 FROM DUAL|SELECT 1 FROM DUAL
1575818258140|0|statement|connection 4|url jdbc:p6spy:mysql://localhost:3306/test|SELECT 1 FROM DUAL|SELECT 1 FROM DUAL
1575818258217|30|statement|connection 4|url jdbc:p6spy:mysql://localhost:3306/test|SELECT COUNT(1) FROM user|SELECT COUNT(1) FROM user
1575818258233|10|statement|connection 4|url jdbc:p6spy:mysql://localhost:3306/test|SELECT  id,name,age,email,phone,userEvaluation,deleted,create_time,update_time  FROM user ORDER BY name DESC LIMIT ?,?|SELECT  id,name,age,email,phone,userEvaluation,deleted,create_time,update_time  FROM user ORDER BY name DESC LIMIT 0,10
1575818590611|5|statement|connection 0|url jdbc:p6spy:mysql://localhost:3306/test|SELECT 1 FROM DUAL|SELECT 1 FROM DUAL
1575818590626|0|statement|connection 1|url jdbc:p6spy:mysql://localhost:3306/test|SELECT 1 FROM DUAL|SELECT 1 FROM DUAL
1575818590638|0|statement|connection 2|url jdbc:p6spy:mysql://localhost:3306/test|SELECT 1 FROM DUAL|SELECT 1 FROM DUAL
1575818590650|0|statement|connection 3|url jdbc:p6spy:mysql://localhost:3306/test|SELECT 1 FROM DUAL|SELECT 1 FROM DUAL
1575818590665|0|statement|connection 4|url jdbc:p6spy:mysql://localhost:3306/test|SELECT 1 FROM DUAL|SELECT 1 FROM DUAL
1575818704261|5|statement|connection 0|url jdbc:p6spy:mysql://localhost:3306/test|SELECT 1 FROM DUAL|SELECT 1 FROM DUAL
1575818704275|0|statement|connection 1|url jdbc:p6spy:mysql://localhost:3306/test|SELECT 1 FROM DUAL|SELECT 1 FROM DUAL
1575818704286|0|statement|connection 2|url jdbc:p6spy:mysql://localhost:3306/test|SELECT 1 FROM DUAL|SELECT 1 FROM DUAL
1575818704298|0|statement|connection 3|url jdbc:p6spy:mysql://localhost:3306/test|SELECT 1 FROM DUAL|SELECT 1 FROM DUAL
1575818704310|0|statement|connection 4|url jdbc:p6spy:mysql://localhost:3306/test|SELECT 1 FROM DUAL|SELECT 1 FROM DUAL
1575818717339|4|statement|connection 0|url jdbc:p6spy:mysql://localhost:3306/test|SELECT 1 FROM DUAL|SELECT 1 FROM DUAL
1575818717354|0|statement|connection 1|url jdbc:p6spy:mysql://localhost:3306/test|SELECT 1 FROM DUAL|SELECT 1 FROM DUAL
1575818717365|0|statement|connection 2|url jdbc:p6spy:mysql://localhost:3306/test|SELECT 1 FROM DUAL|SELECT 1 FROM DUAL
1575818717377|0|statement|connection 3|url jdbc:p6spy:mysql://localhost:3306/test|SELECT 1 FROM DUAL|SELECT 1 FROM DUAL
1575818717389|0|statement|connection 4|url jdbc:p6spy:mysql://localhost:3306/test|SELECT 1 FROM DUAL|SELECT 1 FROM DUAL
1575818733695|5|statement|connection 0|url jdbc:p6spy:mysql://localhost:3306/test|SELECT 1 FROM DUAL|SELECT 1 FROM DUAL
1575818733709|0|statement|connection 1|url jdbc:p6spy:mysql://localhost:3306/test|SELECT 1 FROM DUAL|SELECT 1 FROM DUAL
1575818733721|0|statement|connection 2|url jdbc:p6spy:mysql://localhost:3306/test|SELECT 1 FROM DUAL|SELECT 1 FROM DUAL
1575818733732|0|statement|connection 3|url jdbc:p6spy:mysql://localhost:3306/test|SELECT 1 FROM DUAL|SELECT 1 FROM DUAL
1575818733744|0|statement|connection 4|url jdbc:p6spy:mysql://localhost:3306/test|SELECT 1 FROM DUAL|SELECT 1 FROM DUAL
1575818812214|6|statement|connection 0|url jdbc:p6spy:mysql://localhost:3306/test|SELECT 1 FROM DUAL|SELECT 1 FROM DUAL
1575818812231|0|statement|connection 1|url jdbc:p6spy:mysql://localhost:3306/test|SELECT 1 FROM DUAL|SELECT 1 FROM DUAL
1575818812245|0|statement|connection 2|url jdbc:p6spy:mysql://localhost:3306/test|SELECT 1 FROM DUAL|SELECT 1 FROM DUAL
1575818812258|0|statement|connection 3|url jdbc:p6spy:mysql://localhost:3306/test|SELECT 1 FROM DUAL|SELECT 1 FROM DUAL
1575818812270|0|statement|connection 4|url jdbc:p6spy:mysql://localhost:3306/test|SELECT 1 FROM DUAL|SELECT 1 FROM DUAL
1575819011776|5|statement|connection 0|url jdbc:p6spy:mysql://localhost:3306/test|SELECT 1 FROM DUAL|SELECT 1 FROM DUAL
1575819011790|0|statement|connection 1|url jdbc:p6spy:mysql://localhost:3306/test|SELECT 1 FROM DUAL|SELECT 1 FROM DUAL
1575819011802|0|statement|connection 2|url jdbc:p6spy:mysql://localhost:3306/test|SELECT 1 FROM DUAL|SELECT 1 FROM DUAL
1575819011813|0|statement|connection 3|url jdbc:p6spy:mysql://localhost:3306/test|SELECT 1 FROM DUAL|SELECT 1 FROM DUAL
1575819011824|0|statement|connection 4|url jdbc:p6spy:mysql://localhost:3306/test|SELECT 1 FROM DUAL|SELECT 1 FROM DUAL
