2019/12/02-00:49:41 WARN [restartedMain] Caller+0	 at org.springframework.boot.StartupInfoLogger.appendOn(StartupInfoLogger.java:116)
 - InetAddress.getLocalHost().getHostName() took 5004 milliseconds to respond. Please verify your network configuration (macOS machines may need to add entries to /etc/hosts).
2019/12/02-00:49:46 INFO [restartedMain] Caller+0	 at org.springframework.boot.StartupInfoLogger.logStarting(StartupInfoLogger.java:55)
 - Starting JavaProjectBestPracticesApplication on SunshinedeMacBook-Pro.local with PID 7538 (/Users/sunshinezhang/Documents/Team3/technology/bestPratices/java-project-best-practices/target/classes started by sunshinezhang in /Users/sunshinezhang/Documents/Team3/technology/bestPratices/java-project-best-practices)
2019/12/02-00:49:46 INFO [restartedMain] Caller+0	 at org.springframework.boot.SpringApplication.logStartupProfileInfo(SpringApplication.java:651)
 - No active profile set, falling back to default profiles: default
2019/12/02-00:49:46 INFO [restartedMain] Caller+0	 at org.springframework.boot.logging.DeferredLog.logTo(DeferredLog.java:225)
 - Devtools property defaults active! Set 'spring.devtools.add-properties' to 'false' to disable
2019/12/02-00:49:46 INFO [restartedMain] Caller+0	 at org.springframework.boot.logging.DeferredLog.logTo(DeferredLog.java:225)
 - For additional web related logging consider setting the 'logging.level.web' property to 'DEBUG'
2019/12/02-00:49:46 WARN [restartedMain] Caller+0	 at org.mybatis.logging.Logger.warn(Logger.java:44)
 - No MyBatis mapper was found in '[com.dmsdbj.team3.javaprojectbestpractices]' package. Please check your configuration.
2019/12/02-00:49:47 INFO [restartedMain] Caller+0	 at org.springframework.context.support.PostProcessorRegistrationDelegate$BeanPostProcessorChecker.postProcessAfterInitialization(PostProcessorRegistrationDelegate.java:330)
 - Bean 'org.springframework.transaction.annotation.ProxyTransactionManagementConfiguration' of type [org.springframework.transaction.annotation.ProxyTransactionManagementConfiguration] is not eligible for getting processed by all BeanPostProcessors (for example: not eligible for auto-proxying)
2019/12/02-00:49:47 INFO [restartedMain] Caller+0	 at org.springframework.boot.web.embedded.tomcat.TomcatWebServer.initialize(TomcatWebServer.java:92)
 - Tomcat initialized with port(s): 8081 (http)
2019/12/02-00:49:47 INFO [restartedMain] Caller+0	 at org.apache.juli.logging.DirectJDKLog.log(DirectJDKLog.java:173)
 - Initializing ProtocolHandler ["http-nio-8081"]
2019/12/02-00:49:47 INFO [restartedMain] Caller+0	 at org.apache.juli.logging.DirectJDKLog.log(DirectJDKLog.java:173)
 - Starting service [Tomcat]
2019/12/02-00:49:47 INFO [restartedMain] Caller+0	 at org.apache.juli.logging.DirectJDKLog.log(DirectJDKLog.java:173)
 - Starting Servlet engine: [Apache Tomcat/9.0.27]
2019/12/02-00:49:47 INFO [restartedMain] Caller+0	 at org.apache.juli.logging.DirectJDKLog.log(DirectJDKLog.java:173)
 - Initializing Spring embedded WebApplicationContext
2019/12/02-00:49:47 INFO [restartedMain] Caller+0	 at org.springframework.boot.web.servlet.context.ServletWebServerApplicationContext.prepareWebApplicationContext(ServletWebServerApplicationContext.java:284)
 - Root WebApplicationContext: initialization completed in 1425 ms
2019/12/02-00:49:47 INFO [restartedMain] Caller+0	 at com.alibaba.druid.spring.boot.autoconfigure.DruidDataSourceAutoConfigure.dataSource(DruidDataSourceAutoConfigure.java:56)
 - Init DruidDataSource
2019/12/02-00:49:48 INFO [restartedMain] Caller+0	 at com.p6spy.engine.spy.appender.Slf4JLogger.logSQL(Slf4JLogger.java:60)
 - 1575218988149|5|statement|connection 0|url jdbc:p6spy:mysql://localhost:3306/test|SELECT 1 FROM DUAL|SELECT 1 FROM DUAL
2019/12/02-00:49:48 INFO [restartedMain] Caller+0	 at com.p6spy.engine.spy.appender.Slf4JLogger.logSQL(Slf4JLogger.java:60)
 - 1575218988163|0|statement|connection 1|url jdbc:p6spy:mysql://localhost:3306/test|SELECT 1 FROM DUAL|SELECT 1 FROM DUAL
2019/12/02-00:49:48 INFO [restartedMain] Caller+0	 at com.p6spy.engine.spy.appender.Slf4JLogger.logSQL(Slf4JLogger.java:60)
 - 1575218988175|0|statement|connection 2|url jdbc:p6spy:mysql://localhost:3306/test|SELECT 1 FROM DUAL|SELECT 1 FROM DUAL
2019/12/02-00:49:48 INFO [restartedMain] Caller+0	 at com.p6spy.engine.spy.appender.Slf4JLogger.logSQL(Slf4JLogger.java:60)
 - 1575218988187|0|statement|connection 3|url jdbc:p6spy:mysql://localhost:3306/test|SELECT 1 FROM DUAL|SELECT 1 FROM DUAL
2019/12/02-00:49:48 INFO [restartedMain] Caller+0	 at com.p6spy.engine.spy.appender.Slf4JLogger.logSQL(Slf4JLogger.java:60)
 - 1575218988200|0|statement|connection 4|url jdbc:p6spy:mysql://localhost:3306/test|SELECT 1 FROM DUAL|SELECT 1 FROM DUAL
2019/12/02-00:49:48 INFO [restartedMain] Caller+0	 at com.alibaba.druid.pool.DruidDataSource.init(DruidDataSource.java:930)
 - {dataSource-1} inited
2019/12/02-00:49:48 INFO [restartedMain] Caller+0	 at org.springframework.boot.actuate.endpoint.web.EndpointLinksResolver.<init>(EndpointLinksResolver.java:58)
 - Exposing 14 endpoint(s) beneath base path '/actuator'
2019/12/02-00:49:48 INFO [restartedMain] Caller+0	 at springfox.documentation.spring.web.PropertySourcedRequestMappingHandlerMapping.initHandlerMethods(PropertySourcedRequestMappingHandlerMapping.java:69)
 - Mapped URL path [/v2/api-docs] onto method [springfox.documentation.swagger2.web.Swagger2Controller#getDocumentation(String, HttpServletRequest)]
2019/12/02-00:49:48 INFO [restartedMain] Caller+0	 at org.springframework.scheduling.concurrent.ExecutorConfigurationSupport.initialize(ExecutorConfigurationSupport.java:171)
 - Initializing ExecutorService 'applicationTaskExecutor'
2019/12/02-00:49:49 INFO [restartedMain] Caller+0	 at org.springframework.boot.devtools.autoconfigure.OptionalLiveReloadServer.startServer(OptionalLiveReloadServer.java:58)
 - LiveReload server is running on port 35729
2019/12/02-00:49:49 INFO [restartedMain] Caller+0	 at springfox.documentation.spring.web.plugins.DocumentationPluginsBootstrapper.start(DocumentationPluginsBootstrapper.java:160)
 - Context refreshed
2019/12/02-00:49:49 INFO [restartedMain] Caller+0	 at springfox.documentation.spring.web.plugins.DocumentationPluginsBootstrapper.start(DocumentationPluginsBootstrapper.java:163)
 - Found 1 custom documentation plugin(s)
2019/12/02-00:49:49 INFO [restartedMain] Caller+0	 at springfox.documentation.spring.web.scanners.ApiListingReferenceScanner.scan(ApiListingReferenceScanner.java:41)
 - Scanning for api listing references
2019/12/02-00:49:49 INFO [restartedMain] Caller+0	 at org.apache.juli.logging.DirectJDKLog.log(DirectJDKLog.java:173)
 - Starting ProtocolHandler ["http-nio-8081"]
2019/12/02-00:49:49 INFO [restartedMain] Caller+0	 at org.springframework.boot.web.embedded.tomcat.TomcatWebServer.start(TomcatWebServer.java:204)
 - Tomcat started on port(s): 8081 (http) with context path '/spring-demo'
2019/12/02-00:49:49 INFO [restartedMain] Caller+0	 at org.springframework.boot.StartupInfoLogger.logStarted(StartupInfoLogger.java:61)
 - Started JavaProjectBestPracticesApplication in 23.536 seconds (JVM running for 29.049)
2019/12/02-00:49:49 INFO [RMI TCP Connection(3)-127.0.0.1] Caller+0	 at org.apache.juli.logging.DirectJDKLog.log(DirectJDKLog.java:173)
 - Initializing Spring DispatcherServlet 'dispatcherServlet'
2019/12/02-00:49:49 INFO [RMI TCP Connection(3)-127.0.0.1] Caller+0	 at org.springframework.web.servlet.FrameworkServlet.initServletBean(FrameworkServlet.java:525)
 - Initializing Servlet 'dispatcherServlet'
2019/12/02-00:49:49 INFO [RMI TCP Connection(4)-127.0.0.1] Caller+0	 at com.p6spy.engine.spy.appender.Slf4JLogger.logSQL(Slf4JLogger.java:60)
 - 1575218989599|0|statement|connection 4|url jdbc:p6spy:mysql://localhost:3306/test|/* ping */ SELECT 1|/* ping */ SELECT 1
2019/12/02-00:49:49 INFO [RMI TCP Connection(3)-127.0.0.1] Caller+0	 at org.springframework.web.servlet.FrameworkServlet.initServletBean(FrameworkServlet.java:547)
 - Completed initialization in 11 ms
2019/12/02-00:52:51 INFO [SpringContextShutdownHook] Caller+0	 at org.springframework.scheduling.concurrent.ExecutorConfigurationSupport.shutdown(ExecutorConfigurationSupport.java:208)
 - Shutting down ExecutorService 'applicationTaskExecutor'
2019/12/02-00:52:51 INFO [SpringContextShutdownHook] Caller+0	 at com.alibaba.druid.pool.DruidDataSource.close(DruidDataSource.java:1825)
 - {dataSource-1} closed
2019/12/02-14:53:05 WARN [restartedMain] Caller+0	 at org.springframework.boot.StartupInfoLogger.appendOn(StartupInfoLogger.java:116)
 - InetAddress.getLocalHost().getHostName() took 5002 milliseconds to respond. Please verify your network configuration (macOS machines may need to add entries to /etc/hosts).
2019/12/02-14:53:10 INFO [restartedMain] Caller+0	 at org.springframework.boot.StartupInfoLogger.logStarting(StartupInfoLogger.java:55)
 - Starting JavaProjectBestPracticesApplication on SunshinedeMacBook-Pro.local with PID 2183 (/Users/sunshinezhang/Documents/Team3/technology/bestPratices/java-project-best-practices/target/classes started by sunshinezhang in /Users/sunshinezhang/Documents/Team3/technology/bestPratices/java-project-best-practices)
2019/12/02-14:53:10 INFO [restartedMain] Caller+0	 at org.springframework.boot.SpringApplication.logStartupProfileInfo(SpringApplication.java:651)
 - No active profile set, falling back to default profiles: default
2019/12/02-14:53:10 INFO [restartedMain] Caller+0	 at org.springframework.boot.logging.DeferredLog.logTo(DeferredLog.java:225)
 - Devtools property defaults active! Set 'spring.devtools.add-properties' to 'false' to disable
2019/12/02-14:53:10 INFO [restartedMain] Caller+0	 at org.springframework.boot.logging.DeferredLog.logTo(DeferredLog.java:225)
 - For additional web related logging consider setting the 'logging.level.web' property to 'DEBUG'
2019/12/02-14:53:11 WARN [restartedMain] Caller+0	 at org.mybatis.logging.Logger.warn(Logger.java:44)
 - No MyBatis mapper was found in '[com.dmsdbj.team3.javaprojectbestpractices]' package. Please check your configuration.
2019/12/02-14:53:11 INFO [restartedMain] Caller+0	 at org.springframework.context.support.PostProcessorRegistrationDelegate$BeanPostProcessorChecker.postProcessAfterInitialization(PostProcessorRegistrationDelegate.java:330)
 - Bean 'org.springframework.transaction.annotation.ProxyTransactionManagementConfiguration' of type [org.springframework.transaction.annotation.ProxyTransactionManagementConfiguration] is not eligible for getting processed by all BeanPostProcessors (for example: not eligible for auto-proxying)
2019/12/02-14:53:12 INFO [restartedMain] Caller+0	 at org.springframework.boot.web.embedded.tomcat.TomcatWebServer.initialize(TomcatWebServer.java:92)
 - Tomcat initialized with port(s): 8080 (http)
2019/12/02-14:53:12 INFO [restartedMain] Caller+0	 at org.apache.juli.logging.DirectJDKLog.log(DirectJDKLog.java:173)
 - Initializing ProtocolHandler ["http-nio-8080"]
2019/12/02-14:53:12 INFO [restartedMain] Caller+0	 at org.apache.juli.logging.DirectJDKLog.log(DirectJDKLog.java:173)
 - Starting service [Tomcat]
2019/12/02-14:53:12 INFO [restartedMain] Caller+0	 at org.apache.juli.logging.DirectJDKLog.log(DirectJDKLog.java:173)
 - Starting Servlet engine: [Apache Tomcat/9.0.27]
2019/12/02-14:53:12 INFO [restartedMain] Caller+0	 at org.apache.juli.logging.DirectJDKLog.log(DirectJDKLog.java:173)
 - Initializing Spring embedded WebApplicationContext
2019/12/02-14:53:12 INFO [restartedMain] Caller+0	 at org.springframework.boot.web.servlet.context.ServletWebServerApplicationContext.prepareWebApplicationContext(ServletWebServerApplicationContext.java:284)
 - Root WebApplicationContext: initialization completed in 1249 ms
2019/12/02-14:53:12 INFO [restartedMain] Caller+0	 at com.alibaba.druid.spring.boot.autoconfigure.DruidDataSourceAutoConfigure.dataSource(DruidDataSourceAutoConfigure.java:56)
 - Init DruidDataSource
2019/12/02-14:53:12 INFO [restartedMain] Caller+0	 at com.alibaba.druid.pool.DruidDataSource.init(DruidDataSource.java:930)
 - {dataSource-1} inited
2019/12/02-14:53:13 INFO [restartedMain] Caller+0	 at org.springframework.scheduling.concurrent.ExecutorConfigurationSupport.initialize(ExecutorConfigurationSupport.java:171)
 - Initializing ExecutorService 'applicationTaskExecutor'
2019/12/02-14:53:13 INFO [restartedMain] Caller+0	 at org.springframework.boot.devtools.autoconfigure.OptionalLiveReloadServer.startServer(OptionalLiveReloadServer.java:58)
 - LiveReload server is running on port 35729
2019/12/02-14:53:13 INFO [restartedMain] Caller+0	 at org.springframework.boot.actuate.endpoint.web.EndpointLinksResolver.<init>(EndpointLinksResolver.java:58)
 - Exposing 2 endpoint(s) beneath base path '/actuator'
2019/12/02-14:53:13 INFO [restartedMain] Caller+0	 at org.apache.juli.logging.DirectJDKLog.log(DirectJDKLog.java:173)
 - Starting ProtocolHandler ["http-nio-8080"]
2019/12/02-14:53:13 INFO [restartedMain] Caller+0	 at org.springframework.boot.web.embedded.tomcat.TomcatWebServer.start(TomcatWebServer.java:204)
 - Tomcat started on port(s): 8080 (http) with context path ''
2019/12/02-14:53:13 INFO [restartedMain] Caller+0	 at org.springframework.boot.StartupInfoLogger.logStarted(StartupInfoLogger.java:61)
 - Started JavaProjectBestPracticesApplication in 23.123 seconds (JVM running for 28.621)
2019/12/02-14:53:13 INFO [RMI TCP Connection(8)-127.0.0.1] Caller+0	 at org.apache.juli.logging.DirectJDKLog.log(DirectJDKLog.java:173)
 - Initializing Spring DispatcherServlet 'dispatcherServlet'
2019/12/02-14:53:13 INFO [RMI TCP Connection(8)-127.0.0.1] Caller+0	 at org.springframework.web.servlet.FrameworkServlet.initServletBean(FrameworkServlet.java:525)
 - Initializing Servlet 'dispatcherServlet'
2019/12/02-14:53:13 INFO [RMI TCP Connection(8)-127.0.0.1] Caller+0	 at org.springframework.web.servlet.FrameworkServlet.initServletBean(FrameworkServlet.java:547)
 - Completed initialization in 6 ms
2019/12/02-14:53:19 INFO [SpringContextShutdownHook] Caller+0	 at org.springframework.scheduling.concurrent.ExecutorConfigurationSupport.shutdown(ExecutorConfigurationSupport.java:208)
 - Shutting down ExecutorService 'applicationTaskExecutor'
2019/12/02-14:53:19 INFO [SpringContextShutdownHook] Caller+0	 at com.alibaba.druid.pool.DruidDataSource.close(DruidDataSource.java:1825)
 - {dataSource-1} closed
2019/12/02-16:49:29 INFO [main] Caller+0	 at org.springframework.boot.StartupInfoLogger.logStarting(StartupInfoLogger.java:55)
 - Starting JavaProjectBestPracticesApplication on cookdeMacBook-Pro.local with PID 11445 (/Users/cookr/cookFile/WorkSpace/best-practices/java-project-best-practices/target/classes started by cookr in /Users/cookr/cookFile/WorkSpace/best-practices/java-project-best-practices)
2019/12/02-16:49:29 INFO [main] Caller+0	 at org.springframework.boot.SpringApplication.logStartupProfileInfo(SpringApplication.java:651)
 - No active profile set, falling back to default profiles: default
2019/12/02-16:49:30 INFO [main] Caller+0	 at org.springframework.boot.web.embedded.tomcat.TomcatWebServer.initialize(TomcatWebServer.java:92)
 - Tomcat initialized with port(s): 8080 (http)
2019/12/02-16:49:30 INFO [main] Caller+0	 at org.apache.juli.logging.DirectJDKLog.log(DirectJDKLog.java:173)
 - Initializing ProtocolHandler ["http-nio-8080"]
2019/12/02-16:49:30 INFO [main] Caller+0	 at org.apache.juli.logging.DirectJDKLog.log(DirectJDKLog.java:173)
 - Starting service [Tomcat]
2019/12/02-16:49:30 INFO [main] Caller+0	 at org.apache.juli.logging.DirectJDKLog.log(DirectJDKLog.java:173)
 - Starting Servlet engine: [Apache Tomcat/9.0.27]
2019/12/02-16:49:30 INFO [main] Caller+0	 at org.apache.juli.logging.DirectJDKLog.log(DirectJDKLog.java:173)
 - Initializing Spring embedded WebApplicationContext
2019/12/02-16:49:30 INFO [main] Caller+0	 at org.springframework.boot.web.servlet.context.ServletWebServerApplicationContext.prepareWebApplicationContext(ServletWebServerApplicationContext.java:284)
 - Root WebApplicationContext: initialization completed in 800 ms
2019/12/02-16:49:30 INFO [main] Caller+0	 at com.alibaba.druid.spring.boot.autoconfigure.DruidDataSourceAutoConfigure.dataSource(DruidDataSourceAutoConfigure.java:56)
 - Init DruidDataSource
2019/12/02-16:49:30 WARN [main] Caller+0	 at org.springframework.context.support.AbstractApplicationContext.refresh(AbstractApplicationContext.java:558)
 - Exception encountered during context initialization - cancelling refresh attempt: org.springframework.beans.factory.UnsatisfiedDependencyException: Error creating bean with name 'userController': Unsatisfied dependency expressed through field 'userService'; nested exception is org.springframework.beans.factory.UnsatisfiedDependencyException: Error creating bean with name 'userServiceImpl': Unsatisfied dependency expressed through field 'baseMapper'; nested exception is org.springframework.beans.factory.UnsatisfiedDependencyException: Error creating bean with name 'userMapper' defined in file [/Users/cookr/cookFile/WorkSpace/best-practices/java-project-best-practices/target/classes/com/dmsdbj/team3/javaprojectbestpractices/mapper/UserMapper.class]: Unsatisfied dependency expressed through bean property 'sqlSessionFactory'; nested exception is org.springframework.beans.factory.UnsatisfiedDependencyException: Error creating bean with name 'sqlSessionFactory' defined in class path resource [com/baomidou/mybatisplus/autoconfigure/MybatisPlusAutoConfiguration.class]: Unsatisfied dependency expressed through method 'sqlSessionFactory' parameter 0; nested exception is org.springframework.beans.factory.BeanCreationException: Error creating bean with name 'dataSource' defined in class path resource [com/alibaba/druid/spring/boot/autoconfigure/DruidDataSourceAutoConfigure.class]: Invocation of init method failed; nested exception is java.sql.SQLException: com.p6spy.engine.spy.P6SpyDriver
2019/12/02-16:49:30 INFO [main] Caller+0	 at org.apache.juli.logging.DirectJDKLog.log(DirectJDKLog.java:173)
 - Stopping service [Tomcat]
2019/12/02-16:49:30 INFO [main] Caller+0	 at org.springframework.boot.autoconfigure.logging.ConditionEvaluationReportLoggingListener.logMessage(ConditionEvaluationReportLoggingListener.java:136)
 - 

Error starting ApplicationContext. To display the conditions report re-run your application with 'debug' enabled.
2019/12/02-16:57:12 INFO [main] Caller+0	 at org.springframework.boot.StartupInfoLogger.logStarting(StartupInfoLogger.java:55)
 - Starting JavaProjectBestPracticesApplication on cookdeMacBook-Pro.local with PID 11534 (/Users/cookr/cookFile/WorkSpace/best-practices/java-project-best-practices/target/classes started by cookr in /Users/cookr/cookFile/WorkSpace/best-practices/java-project-best-practices)
2019/12/02-16:57:12 INFO [main] Caller+0	 at org.springframework.boot.SpringApplication.logStartupProfileInfo(SpringApplication.java:651)
 - No active profile set, falling back to default profiles: default
2019/12/02-16:57:12 INFO [main] Caller+0	 at org.springframework.boot.web.embedded.tomcat.TomcatWebServer.initialize(TomcatWebServer.java:92)
 - Tomcat initialized with port(s): 8080 (http)
2019/12/02-16:57:12 INFO [main] Caller+0	 at org.apache.juli.logging.DirectJDKLog.log(DirectJDKLog.java:173)
 - Initializing ProtocolHandler ["http-nio-8080"]
2019/12/02-16:57:12 INFO [main] Caller+0	 at org.apache.juli.logging.DirectJDKLog.log(DirectJDKLog.java:173)
 - Starting service [Tomcat]
2019/12/02-16:57:12 INFO [main] Caller+0	 at org.apache.juli.logging.DirectJDKLog.log(DirectJDKLog.java:173)
 - Starting Servlet engine: [Apache Tomcat/9.0.27]
2019/12/02-16:57:12 INFO [main] Caller+0	 at org.apache.juli.logging.DirectJDKLog.log(DirectJDKLog.java:173)
 - Initializing Spring embedded WebApplicationContext
2019/12/02-16:57:12 INFO [main] Caller+0	 at org.springframework.boot.web.servlet.context.ServletWebServerApplicationContext.prepareWebApplicationContext(ServletWebServerApplicationContext.java:284)
 - Root WebApplicationContext: initialization completed in 759 ms
2019/12/02-16:57:13 INFO [main] Caller+0	 at com.alibaba.druid.spring.boot.autoconfigure.DruidDataSourceAutoConfigure.dataSource(DruidDataSourceAutoConfigure.java:56)
 - Init DruidDataSource
2019/12/02-16:57:13 WARN [main] Caller+0	 at org.springframework.context.support.AbstractApplicationContext.refresh(AbstractApplicationContext.java:558)
 - Exception encountered during context initialization - cancelling refresh attempt: org.springframework.beans.factory.UnsatisfiedDependencyException: Error creating bean with name 'userController': Unsatisfied dependency expressed through field 'userService'; nested exception is org.springframework.beans.factory.UnsatisfiedDependencyException: Error creating bean with name 'userServiceImpl': Unsatisfied dependency expressed through field 'baseMapper'; nested exception is org.springframework.beans.factory.UnsatisfiedDependencyException: Error creating bean with name 'userMapper' defined in file [/Users/cookr/cookFile/WorkSpace/best-practices/java-project-best-practices/target/classes/com/dmsdbj/team3/javaprojectbestpractices/mapper/UserMapper.class]: Unsatisfied dependency expressed through bean property 'sqlSessionFactory'; nested exception is org.springframework.beans.factory.UnsatisfiedDependencyException: Error creating bean with name 'sqlSessionFactory' defined in class path resource [com/baomidou/mybatisplus/autoconfigure/MybatisPlusAutoConfiguration.class]: Unsatisfied dependency expressed through method 'sqlSessionFactory' parameter 0; nested exception is org.springframework.beans.factory.BeanCreationException: Error creating bean with name 'dataSource' defined in class path resource [com/alibaba/druid/spring/boot/autoconfigure/DruidDataSourceAutoConfigure.class]: Invocation of init method failed; nested exception is java.sql.SQLException: com.p6spy.engine.spy.P6SpyDriver
2019/12/02-16:57:13 INFO [main] Caller+0	 at org.apache.juli.logging.DirectJDKLog.log(DirectJDKLog.java:173)
 - Stopping service [Tomcat]
2019/12/02-16:57:13 INFO [main] Caller+0	 at org.springframework.boot.autoconfigure.logging.ConditionEvaluationReportLoggingListener.logMessage(ConditionEvaluationReportLoggingListener.java:136)
 - 

Error starting ApplicationContext. To display the conditions report re-run your application with 'debug' enabled.
2019/12/02-17:10:50 INFO [main] Caller+0	 at org.springframework.boot.StartupInfoLogger.logStarting(StartupInfoLogger.java:55)
 - Starting JavaProjectBestPracticesApplication on cookdeMacBook-Pro.local with PID 11636 (/Users/cookr/cookFile/WorkSpace/best-practices/java-project-best-practices/target/classes started by cookr in /Users/cookr/cookFile/WorkSpace/best-practices/java-project-best-practices)
2019/12/02-17:10:50 INFO [main] Caller+0	 at org.springframework.boot.SpringApplication.logStartupProfileInfo(SpringApplication.java:651)
 - No active profile set, falling back to default profiles: default
2019/12/02-17:10:51 INFO [main] Caller+0	 at org.springframework.boot.web.embedded.tomcat.TomcatWebServer.initialize(TomcatWebServer.java:92)
 - Tomcat initialized with port(s): 8080 (http)
2019/12/02-17:10:51 INFO [main] Caller+0	 at org.apache.juli.logging.DirectJDKLog.log(DirectJDKLog.java:173)
 - Initializing ProtocolHandler ["http-nio-8080"]
2019/12/02-17:10:51 INFO [main] Caller+0	 at org.apache.juli.logging.DirectJDKLog.log(DirectJDKLog.java:173)
 - Starting service [Tomcat]
2019/12/02-17:10:51 INFO [main] Caller+0	 at org.apache.juli.logging.DirectJDKLog.log(DirectJDKLog.java:173)
 - Starting Servlet engine: [Apache Tomcat/9.0.27]
2019/12/02-17:10:51 INFO [main] Caller+0	 at org.apache.juli.logging.DirectJDKLog.log(DirectJDKLog.java:173)
 - Initializing Spring embedded WebApplicationContext
2019/12/02-17:10:51 INFO [main] Caller+0	 at org.springframework.boot.web.servlet.context.ServletWebServerApplicationContext.prepareWebApplicationContext(ServletWebServerApplicationContext.java:284)
 - Root WebApplicationContext: initialization completed in 755 ms
2019/12/02-17:10:51 INFO [main] Caller+0	 at com.alibaba.druid.spring.boot.autoconfigure.DruidDataSourceAutoConfigure.dataSource(DruidDataSourceAutoConfigure.java:56)
 - Init DruidDataSource
2019/12/02-17:10:51 WARN [main] Caller+0	 at org.springframework.context.support.AbstractApplicationContext.refresh(AbstractApplicationContext.java:558)
 - Exception encountered during context initialization - cancelling refresh attempt: org.springframework.beans.factory.UnsatisfiedDependencyException: Error creating bean with name 'userController': Unsatisfied dependency expressed through field 'userService'; nested exception is org.springframework.beans.factory.UnsatisfiedDependencyException: Error creating bean with name 'userServiceImpl': Unsatisfied dependency expressed through field 'baseMapper'; nested exception is org.springframework.beans.factory.UnsatisfiedDependencyException: Error creating bean with name 'userMapper' defined in file [/Users/cookr/cookFile/WorkSpace/best-practices/java-project-best-practices/target/classes/com/dmsdbj/team3/javaprojectbestpractices/mapper/UserMapper.class]: Unsatisfied dependency expressed through bean property 'sqlSessionFactory'; nested exception is org.springframework.beans.factory.UnsatisfiedDependencyException: Error creating bean with name 'sqlSessionFactory' defined in class path resource [com/baomidou/mybatisplus/autoconfigure/MybatisPlusAutoConfiguration.class]: Unsatisfied dependency expressed through method 'sqlSessionFactory' parameter 0; nested exception is org.springframework.beans.factory.BeanCreationException: Error creating bean with name 'dataSource' defined in class path resource [com/alibaba/druid/spring/boot/autoconfigure/DruidDataSourceAutoConfigure.class]: Invocation of init method failed; nested exception is java.sql.SQLException: com.p6spy.engine.spy.P6SpyDriver
2019/12/02-17:10:51 INFO [main] Caller+0	 at org.apache.juli.logging.DirectJDKLog.log(DirectJDKLog.java:173)
 - Stopping service [Tomcat]
2019/12/02-17:10:51 INFO [main] Caller+0	 at org.springframework.boot.autoconfigure.logging.ConditionEvaluationReportLoggingListener.logMessage(ConditionEvaluationReportLoggingListener.java:136)
 - 

Error starting ApplicationContext. To display the conditions report re-run your application with 'debug' enabled.
2019/12/02-18:05:01 INFO [main] Caller+0	 at org.springframework.boot.StartupInfoLogger.logStarting(StartupInfoLogger.java:55)
 - Starting JavaProjectBestPracticesApplication on cookdeMacBook-Pro.local with PID 12129 (/Users/cookr/cookFile/WorkSpace/best-practices/java-project-best-practices/target/classes started by cookr in /Users/cookr/cookFile/WorkSpace/best-practices/java-project-best-practices)
2019/12/02-18:05:01 INFO [main] Caller+0	 at org.springframework.boot.SpringApplication.logStartupProfileInfo(SpringApplication.java:651)
 - No active profile set, falling back to default profiles: default
2019/12/02-18:05:02 INFO [main] Caller+0	 at org.springframework.boot.web.embedded.tomcat.TomcatWebServer.initialize(TomcatWebServer.java:92)
 - Tomcat initialized with port(s): 8080 (http)
2019/12/02-18:05:02 INFO [main] Caller+0	 at org.apache.juli.logging.DirectJDKLog.log(DirectJDKLog.java:173)
 - Initializing ProtocolHandler ["http-nio-8080"]
2019/12/02-18:05:02 INFO [main] Caller+0	 at org.apache.juli.logging.DirectJDKLog.log(DirectJDKLog.java:173)
 - Starting service [Tomcat]
2019/12/02-18:05:02 INFO [main] Caller+0	 at org.apache.juli.logging.DirectJDKLog.log(DirectJDKLog.java:173)
 - Starting Servlet engine: [Apache Tomcat/9.0.27]
2019/12/02-18:05:02 INFO [main] Caller+0	 at org.apache.juli.logging.DirectJDKLog.log(DirectJDKLog.java:173)
 - Initializing Spring embedded WebApplicationContext
2019/12/02-18:05:02 INFO [main] Caller+0	 at org.springframework.boot.web.servlet.context.ServletWebServerApplicationContext.prepareWebApplicationContext(ServletWebServerApplicationContext.java:284)
 - Root WebApplicationContext: initialization completed in 652 ms
2019/12/02-18:05:02 INFO [main] Caller+0	 at com.alibaba.druid.spring.boot.autoconfigure.DruidDataSourceAutoConfigure.dataSource(DruidDataSourceAutoConfigure.java:56)
 - Init DruidDataSource
2019/12/02-18:05:02 INFO [main] Caller+0	 at com.alibaba.druid.pool.DruidDataSource.init(DruidDataSource.java:930)
 - {dataSource-1} inited
2019/12/02-18:05:03 INFO [main] Caller+0	 at org.springframework.scheduling.concurrent.ExecutorConfigurationSupport.initialize(ExecutorConfigurationSupport.java:171)
 - Initializing ExecutorService 'applicationTaskExecutor'
2019/12/02-18:05:03 INFO [main] Caller+0	 at org.apache.juli.logging.DirectJDKLog.log(DirectJDKLog.java:173)
 - Starting ProtocolHandler ["http-nio-8080"]
2019/12/02-18:05:03 INFO [main] Caller+0	 at org.springframework.boot.web.embedded.tomcat.TomcatWebServer.start(TomcatWebServer.java:204)
 - Tomcat started on port(s): 8080 (http) with context path ''
2019/12/02-18:05:03 INFO [main] Caller+0	 at org.springframework.boot.StartupInfoLogger.logStarted(StartupInfoLogger.java:61)
 - Started JavaProjectBestPracticesApplication in 1.91 seconds (JVM running for 2.297)
2019/12/02-18:05:32 INFO [http-nio-8080-exec-1] Caller+0	 at org.apache.juli.logging.DirectJDKLog.log(DirectJDKLog.java:173)
 - Initializing Spring DispatcherServlet 'dispatcherServlet'
2019/12/02-18:05:32 INFO [http-nio-8080-exec-1] Caller+0	 at org.springframework.web.servlet.FrameworkServlet.initServletBean(FrameworkServlet.java:525)
 - Initializing Servlet 'dispatcherServlet'
2019/12/02-18:05:32 INFO [http-nio-8080-exec-1] Caller+0	 at org.springframework.web.servlet.FrameworkServlet.initServletBean(FrameworkServlet.java:547)
 - Completed initialization in 7 ms
