2019-12-04 08:52:47.434 INFO  [] [SpringContextShutdownHook] o.s.scheduling.concurrent.ThreadPoolTaskExecutor - Shutting down ExecutorService 'applicationTaskExecutor'
2019-12-04 08:52:47.445 INFO  [] [SpringContextShutdownHook] com.alibaba.druid.pool.DruidDataSource - {dataSource-1} closed
2019-12-04 08:53:35.820 INFO  [] [restartedMain] c.d.t.j.JavaProjectBestPracticesApplication - Starting JavaProjectBestPracticesApplication on SunshinedeMacBook-Pro.local with PID 10470 (/Users/sunshinezhang/Documents/Team3/technology/bestPratices/java-project-best-practices/target/classes started by sunshinezhang in /Users/sunshinezhang/Documents/Team3/technology/bestPratices/java-project-best-practices)
2019-12-04 08:53:35.844 INFO  [] [restartedMain] c.d.t.j.JavaProjectBestPracticesApplication - No active profile set, falling back to default profiles: default
2019-12-04 08:53:35.874 INFO  [] [restartedMain] o.s.b.d.env.DevToolsPropertyDefaultsPostProcessor - Devtools property defaults active! Set 'spring.devtools.add-properties' to 'false' to disable
2019-12-04 08:53:35.874 INFO  [] [restartedMain] o.s.b.d.env.DevToolsPropertyDefaultsPostProcessor - For additional web related logging consider setting the 'logging.level.web' property to 'DEBUG'
2019-12-04 08:53:36.639 WARN  [] [restartedMain] org.mybatis.spring.mapper.ClassPathMapperScanner - No MyBatis mapper was found in '[com.dmsdbj.team3.javaprojectbestpractices]' package. Please check your configuration.
2019-12-04 08:53:37.411 INFO  [] [restartedMain] o.s.c.s.PostProcessorRegistrationDelegate$BeanPostProcessorChecker - Bean 'org.springframework.transaction.annotation.ProxyTransactionManagementConfiguration' of type [org.springframework.transaction.annotation.ProxyTransactionManagementConfiguration] is not eligible for getting processed by all BeanPostProcessors (for example: not eligible for auto-proxying)
2019-12-04 08:53:37.817 INFO  [] [restartedMain] o.s.boot.web.embedded.tomcat.TomcatWebServer - Tomcat initialized with port(s): 8081 (http)
2019-12-04 08:53:37.822 INFO  [] [restartedMain] org.apache.coyote.http11.Http11NioProtocol - Initializing ProtocolHandler ["http-nio-8081"]
2019-12-04 08:53:37.823 INFO  [] [restartedMain] org.apache.catalina.core.StandardService - Starting service [Tomcat]
2019-12-04 08:53:37.823 INFO  [] [restartedMain] org.apache.catalina.core.StandardEngine - Starting Servlet engine: [Apache Tomcat/9.0.27]
2019-12-04 08:53:37.871 INFO  [] [restartedMain] o.a.c.c.C.[Tomcat].[localhost].[/spring-demo] - Initializing Spring embedded WebApplicationContext
2019-12-04 08:53:37.871 INFO  [] [restartedMain] org.springframework.web.context.ContextLoader - Root WebApplicationContext: initialization completed in 1997 ms
2019-12-04 08:53:38.018 INFO  [] [restartedMain] c.a.d.s.b.a.DruidDataSourceAutoConfigure - Init DruidDataSource
2019-12-04 08:53:38.400 INFO  [] [restartedMain] p6spy - 1575420818400|5|statement|connection 0|url jdbc:p6spy:mysql://localhost:3306/test|SELECT 1 FROM DUAL|SELECT 1 FROM DUAL
2019-12-04 08:53:38.416 INFO  [] [restartedMain] p6spy - 1575420818416|0|statement|connection 1|url jdbc:p6spy:mysql://localhost:3306/test|SELECT 1 FROM DUAL|SELECT 1 FROM DUAL
2019-12-04 08:53:38.444 INFO  [] [restartedMain] p6spy - 1575420818444|0|statement|connection 2|url jdbc:p6spy:mysql://localhost:3306/test|SELECT 1 FROM DUAL|SELECT 1 FROM DUAL
2019-12-04 08:53:38.472 INFO  [] [restartedMain] p6spy - 1575420818472|0|statement|connection 3|url jdbc:p6spy:mysql://localhost:3306/test|SELECT 1 FROM DUAL|SELECT 1 FROM DUAL
2019-12-04 08:53:38.493 INFO  [] [restartedMain] p6spy - 1575420818493|0|statement|connection 4|url jdbc:p6spy:mysql://localhost:3306/test|SELECT 1 FROM DUAL|SELECT 1 FROM DUAL
2019-12-04 08:53:38.499 INFO  [] [restartedMain] com.alibaba.druid.pool.DruidDataSource - {dataSource-1} inited
2019-12-04 08:53:39.220 INFO  [] [restartedMain] o.s.b.actuate.endpoint.web.EndpointLinksResolver - Exposing 14 endpoint(s) beneath base path '/actuator'
2019-12-04 08:53:39.281 INFO  [] [restartedMain] s.d.s.w.PropertySourcedRequestMappingHandlerMapping - Mapped URL path [/v2/api-docs] onto method [springfox.documentation.swagger2.web.Swagger2Controller#getDocumentation(String, HttpServletRequest)]
2019-12-04 08:53:39.372 INFO  [] [restartedMain] o.s.scheduling.concurrent.ThreadPoolTaskExecutor - Initializing ExecutorService 'applicationTaskExecutor'
2019-12-04 08:53:39.408 INFO  [] [restartedMain] o.s.b.d.autoconfigure.OptionalLiveReloadServer - LiveReload server is running on port 35729
2019-12-04 08:53:39.608 INFO  [] [restartedMain] s.d.s.web.plugins.DocumentationPluginsBootstrapper - Context refreshed
2019-12-04 08:53:39.619 INFO  [] [restartedMain] s.d.s.web.plugins.DocumentationPluginsBootstrapper - Found 1 custom documentation plugin(s)
2019-12-04 08:53:39.649 INFO  [] [restartedMain] s.d.spring.web.scanners.ApiListingReferenceScanner - Scanning for api listing references
2019-12-04 08:53:39.778 INFO  [] [restartedMain] org.apache.coyote.http11.Http11NioProtocol - Starting ProtocolHandler ["http-nio-8081"]
2019-12-04 08:53:39.805 INFO  [] [restartedMain] o.s.boot.web.embedded.tomcat.TomcatWebServer - Tomcat started on port(s): 8081 (http) with context path '/spring-demo'
2019-12-04 08:53:39.808 INFO  [] [restartedMain] c.d.t.j.JavaProjectBestPracticesApplication - Started JavaProjectBestPracticesApplication in 4.449 seconds (JVM running for 5.268)
2019-12-04 08:53:39.859 INFO  [] [RMI TCP Connection(4)-127.0.0.1] o.a.c.c.C.[Tomcat].[localhost].[/spring-demo] - Initializing Spring DispatcherServlet 'dispatcherServlet'
2019-12-04 08:53:39.859 INFO  [] [RMI TCP Connection(4)-127.0.0.1] org.springframework.web.servlet.DispatcherServlet - Initializing Servlet 'dispatcherServlet'
2019-12-04 08:53:39.868 INFO  [] [RMI TCP Connection(5)-127.0.0.1] p6spy - 1575420819868|0|statement|connection 4|url jdbc:p6spy:mysql://localhost:3306/test|/* ping */ SELECT 1|/* ping */ SELECT 1
2019-12-04 08:53:39.869 INFO  [] [RMI TCP Connection(4)-127.0.0.1] org.springframework.web.servlet.DispatcherServlet - Completed initialization in 10 ms
2019-12-04 08:54:16.009 WARN  [] [http-nio-8081-exec-1] i.s.m.parameters.AbstractSerializableParameter - Illegal DefaultValue 4 for parameter type integer
java.lang.NumberFormatException: For input string: ""
	at java.lang.NumberFormatException.forInputString(NumberFormatException.java:65)
	at java.lang.Long.parseLong(Long.java:601)
	at java.lang.Long.valueOf(Long.java:803)
	at io.swagger.models.parameters.AbstractSerializableParameter.getExample(AbstractSerializableParameter.java:412)
	at sun.reflect.NativeMethodAccessorImpl.invoke0(Native Method)
	at sun.reflect.NativeMethodAccessorImpl.invoke(NativeMethodAccessorImpl.java:62)
	at sun.reflect.DelegatingMethodAccessorImpl.invoke(DelegatingMethodAccessorImpl.java:43)
	at java.lang.reflect.Method.invoke(Method.java:498)
	at com.fasterxml.jackson.databind.ser.BeanPropertyWriter.serializeAsField(BeanPropertyWriter.java:688)
	at com.fasterxml.jackson.databind.ser.std.BeanSerializerBase.serializeFields(BeanSerializerBase.java:721)
	at com.fasterxml.jackson.databind.ser.BeanSerializer.serialize(BeanSerializer.java:166)
	at com.fasterxml.jackson.databind.ser.impl.IndexedListSerializer.serializeContents(IndexedListSerializer.java:119)
	at com.fasterxml.jackson.databind.ser.impl.IndexedListSerializer.serialize(IndexedListSerializer.java:79)
	at com.fasterxml.jackson.databind.ser.impl.IndexedListSerializer.serialize(IndexedListSerializer.java:18)
	at com.fasterxml.jackson.databind.ser.BeanPropertyWriter.serializeAsField(BeanPropertyWriter.java:727)
	at com.fasterxml.jackson.databind.ser.std.BeanSerializerBase.serializeFields(BeanSerializerBase.java:721)
	at com.fasterxml.jackson.databind.ser.BeanSerializer.serialize(BeanSerializer.java:166)
	at com.fasterxml.jackson.databind.ser.BeanPropertyWriter.serializeAsField(BeanPropertyWriter.java:727)
	at com.fasterxml.jackson.databind.ser.std.BeanSerializerBase.serializeFields(BeanSerializerBase.java:721)
	at com.fasterxml.jackson.databind.ser.BeanSerializer.serialize(BeanSerializer.java:166)
	at com.fasterxml.jackson.databind.ser.std.MapSerializer.serializeFields(MapSerializer.java:722)
	at com.fasterxml.jackson.databind.ser.std.MapSerializer.serialize(MapSerializer.java:643)
	at com.fasterxml.jackson.databind.ser.std.MapSerializer.serialize(MapSerializer.java:33)
	at com.fasterxml.jackson.databind.ser.BeanPropertyWriter.serializeAsField(BeanPropertyWriter.java:727)
	at com.fasterxml.jackson.databind.ser.std.BeanSerializerBase.serializeFields(BeanSerializerBase.java:721)
	at com.fasterxml.jackson.databind.ser.BeanSerializer.serialize(BeanSerializer.java:166)
	at com.fasterxml.jackson.databind.ser.DefaultSerializerProvider._serialize(DefaultSerializerProvider.java:480)
	at com.fasterxml.jackson.databind.ser.DefaultSerializerProvider.serializeValue(DefaultSerializerProvider.java:319)
	at com.fasterxml.jackson.databind.ObjectMapper._configAndWriteValue(ObjectMapper.java:4094)
	at com.fasterxml.jackson.databind.ObjectMapper.writeValueAsString(ObjectMapper.java:3404)
	at springfox.documentation.spring.web.json.JsonSerializer.toJson(JsonSerializer.java:38)
	at springfox.documentation.swagger2.web.Swagger2Controller.getDocumentation(Swagger2Controller.java:105)
	at sun.reflect.NativeMethodAccessorImpl.invoke0(Native Method)
	at sun.reflect.NativeMethodAccessorImpl.invoke(NativeMethodAccessorImpl.java:62)
	at sun.reflect.DelegatingMethodAccessorImpl.invoke(DelegatingMethodAccessorImpl.java:43)
	at java.lang.reflect.Method.invoke(Method.java:498)
	at org.springframework.web.method.support.InvocableHandlerMethod.doInvoke(InvocableHandlerMethod.java:190)
	at org.springframework.web.method.support.InvocableHandlerMethod.invokeForRequest(InvocableHandlerMethod.java:138)
	at org.springframework.web.servlet.mvc.method.annotation.ServletInvocableHandlerMethod.invokeAndHandle(ServletInvocableHandlerMethod.java:106)
	at org.springframework.web.servlet.mvc.method.annotation.RequestMappingHandlerAdapter.invokeHandlerMethod(RequestMappingHandlerAdapter.java:888)
	at org.springframework.web.servlet.mvc.method.annotation.RequestMappingHandlerAdapter.handleInternal(RequestMappingHandlerAdapter.java:793)
	at org.springframework.web.servlet.mvc.method.AbstractHandlerMethodAdapter.handle(AbstractHandlerMethodAdapter.java:87)
	at org.springframework.web.servlet.DispatcherServlet.doDispatch(DispatcherServlet.java:1040)
	at org.springframework.web.servlet.DispatcherServlet.doService(DispatcherServlet.java:943)
	at org.springframework.web.servlet.FrameworkServlet.processRequest(FrameworkServlet.java:1006)
	at org.springframework.web.servlet.FrameworkServlet.doGet(FrameworkServlet.java:898)
	at javax.servlet.http.HttpServlet.service(HttpServlet.java:634)
	at org.springframework.web.servlet.FrameworkServlet.service(FrameworkServlet.java:883)
	at javax.servlet.http.HttpServlet.service(HttpServlet.java:741)
	at org.apache.catalina.core.ApplicationFilterChain.internalDoFilter(ApplicationFilterChain.java:231)
	at org.apache.catalina.core.ApplicationFilterChain.doFilter(ApplicationFilterChain.java:166)
	at org.apache.tomcat.websocket.server.WsFilter.doFilter(WsFilter.java:53)
	at org.apache.catalina.core.ApplicationFilterChain.internalDoFilter(ApplicationFilterChain.java:193)
	at org.apache.catalina.core.ApplicationFilterChain.doFilter(ApplicationFilterChain.java:166)
	at com.alibaba.druid.support.http.WebStatFilter.doFilter(WebStatFilter.java:123)
	at org.apache.catalina.core.ApplicationFilterChain.internalDoFilter(ApplicationFilterChain.java:193)
	at org.apache.catalina.core.ApplicationFilterChain.doFilter(ApplicationFilterChain.java:166)
	at org.springframework.web.filter.RequestContextFilter.doFilterInternal(RequestContextFilter.java:100)
	at org.springframework.web.filter.OncePerRequestFilter.doFilter(OncePerRequestFilter.java:119)
	at org.apache.catalina.core.ApplicationFilterChain.internalDoFilter(ApplicationFilterChain.java:193)
	at org.apache.catalina.core.ApplicationFilterChain.doFilter(ApplicationFilterChain.java:166)
	at org.springframework.web.filter.FormContentFilter.doFilterInternal(FormContentFilter.java:93)
	at org.springframework.web.filter.OncePerRequestFilter.doFilter(OncePerRequestFilter.java:119)
	at org.apache.catalina.core.ApplicationFilterChain.internalDoFilter(ApplicationFilterChain.java:193)
	at org.apache.catalina.core.ApplicationFilterChain.doFilter(ApplicationFilterChain.java:166)
	at org.springframework.boot.actuate.metrics.web.servlet.WebMvcMetricsFilter.doFilterInternal(WebMvcMetricsFilter.java:108)
	at org.springframework.web.filter.OncePerRequestFilter.doFilter(OncePerRequestFilter.java:119)
	at org.apache.catalina.core.ApplicationFilterChain.internalDoFilter(ApplicationFilterChain.java:193)
	at org.apache.catalina.core.ApplicationFilterChain.doFilter(ApplicationFilterChain.java:166)
	at org.springframework.web.filter.CharacterEncodingFilter.doFilterInternal(CharacterEncodingFilter.java:201)
	at org.springframework.web.filter.OncePerRequestFilter.doFilter(OncePerRequestFilter.java:119)
	at org.apache.catalina.core.ApplicationFilterChain.internalDoFilter(ApplicationFilterChain.java:193)
	at org.apache.catalina.core.ApplicationFilterChain.doFilter(ApplicationFilterChain.java:166)
	at org.apache.catalina.core.StandardWrapperValve.invoke(StandardWrapperValve.java:202)
	at org.apache.catalina.core.StandardContextValve.invoke(StandardContextValve.java:96)
	at org.apache.catalina.authenticator.AuthenticatorBase.invoke(AuthenticatorBase.java:526)
	at org.apache.catalina.core.StandardHostValve.invoke(StandardHostValve.java:139)
	at org.apache.catalina.valves.ErrorReportValve.invoke(ErrorReportValve.java:92)
	at org.apache.catalina.core.StandardEngineValve.invoke(StandardEngineValve.java:74)
	at org.apache.catalina.connector.CoyoteAdapter.service(CoyoteAdapter.java:343)
	at org.apache.coyote.http11.Http11Processor.service(Http11Processor.java:408)
	at org.apache.coyote.AbstractProcessorLight.process(AbstractProcessorLight.java:66)
	at org.apache.coyote.AbstractProtocol$ConnectionHandler.process(AbstractProtocol.java:861)
	at org.apache.tomcat.util.net.NioEndpoint$SocketProcessor.doRun(NioEndpoint.java:1579)
	at org.apache.tomcat.util.net.SocketProcessorBase.run(SocketProcessorBase.java:49)
	at java.util.concurrent.ThreadPoolExecutor.runWorker(ThreadPoolExecutor.java:1149)
	at java.util.concurrent.ThreadPoolExecutor$Worker.run(ThreadPoolExecutor.java:624)
	at org.apache.tomcat.util.threads.TaskThread$WrappingRunnable.run(TaskThread.java:61)
	at java.lang.Thread.run(Thread.java:748)
2019-12-04 08:54:16.013 WARN  [] [http-nio-8081-exec-1] i.s.m.parameters.AbstractSerializableParameter - Illegal DefaultValue 2 for parameter type integer
java.lang.NumberFormatException: For input string: ""
	at java.lang.NumberFormatException.forInputString(NumberFormatException.java:65)
	at java.lang.Long.parseLong(Long.java:601)
	at java.lang.Long.valueOf(Long.java:803)
	at io.swagger.models.parameters.AbstractSerializableParameter.getExample(AbstractSerializableParameter.java:412)
	at sun.reflect.NativeMethodAccessorImpl.invoke0(Native Method)
	at sun.reflect.NativeMethodAccessorImpl.invoke(NativeMethodAccessorImpl.java:62)
	at sun.reflect.DelegatingMethodAccessorImpl.invoke(DelegatingMethodAccessorImpl.java:43)
	at java.lang.reflect.Method.invoke(Method.java:498)
	at com.fasterxml.jackson.databind.ser.BeanPropertyWriter.serializeAsField(BeanPropertyWriter.java:688)
	at com.fasterxml.jackson.databind.ser.std.BeanSerializerBase.serializeFields(BeanSerializerBase.java:721)
	at com.fasterxml.jackson.databind.ser.BeanSerializer.serialize(BeanSerializer.java:166)
	at com.fasterxml.jackson.databind.ser.impl.IndexedListSerializer.serializeContents(IndexedListSerializer.java:119)
	at com.fasterxml.jackson.databind.ser.impl.IndexedListSerializer.serialize(IndexedListSerializer.java:79)
	at com.fasterxml.jackson.databind.ser.impl.IndexedListSerializer.serialize(IndexedListSerializer.java:18)
	at com.fasterxml.jackson.databind.ser.BeanPropertyWriter.serializeAsField(BeanPropertyWriter.java:727)
	at com.fasterxml.jackson.databind.ser.std.BeanSerializerBase.serializeFields(BeanSerializerBase.java:721)
	at com.fasterxml.jackson.databind.ser.BeanSerializer.serialize(BeanSerializer.java:166)
	at com.fasterxml.jackson.databind.ser.BeanPropertyWriter.serializeAsField(BeanPropertyWriter.java:727)
	at com.fasterxml.jackson.databind.ser.std.BeanSerializerBase.serializeFields(BeanSerializerBase.java:721)
	at com.fasterxml.jackson.databind.ser.BeanSerializer.serialize(BeanSerializer.java:166)
	at com.fasterxml.jackson.databind.ser.std.MapSerializer.serializeFields(MapSerializer.java:722)
	at com.fasterxml.jackson.databind.ser.std.MapSerializer.serialize(MapSerializer.java:643)
	at com.fasterxml.jackson.databind.ser.std.MapSerializer.serialize(MapSerializer.java:33)
	at com.fasterxml.jackson.databind.ser.BeanPropertyWriter.serializeAsField(BeanPropertyWriter.java:727)
	at com.fasterxml.jackson.databind.ser.std.BeanSerializerBase.serializeFields(BeanSerializerBase.java:721)
	at com.fasterxml.jackson.databind.ser.BeanSerializer.serialize(BeanSerializer.java:166)
	at com.fasterxml.jackson.databind.ser.DefaultSerializerProvider._serialize(DefaultSerializerProvider.java:480)
	at com.fasterxml.jackson.databind.ser.DefaultSerializerProvider.serializeValue(DefaultSerializerProvider.java:319)
	at com.fasterxml.jackson.databind.ObjectMapper._configAndWriteValue(ObjectMapper.java:4094)
	at com.fasterxml.jackson.databind.ObjectMapper.writeValueAsString(ObjectMapper.java:3404)
	at springfox.documentation.spring.web.json.JsonSerializer.toJson(JsonSerializer.java:38)
	at springfox.documentation.swagger2.web.Swagger2Controller.getDocumentation(Swagger2Controller.java:105)
	at sun.reflect.NativeMethodAccessorImpl.invoke0(Native Method)
	at sun.reflect.NativeMethodAccessorImpl.invoke(NativeMethodAccessorImpl.java:62)
	at sun.reflect.DelegatingMethodAccessorImpl.invoke(DelegatingMethodAccessorImpl.java:43)
	at java.lang.reflect.Method.invoke(Method.java:498)
	at org.springframework.web.method.support.InvocableHandlerMethod.doInvoke(InvocableHandlerMethod.java:190)
	at org.springframework.web.method.support.InvocableHandlerMethod.invokeForRequest(InvocableHandlerMethod.java:138)
	at org.springframework.web.servlet.mvc.method.annotation.ServletInvocableHandlerMethod.invokeAndHandle(ServletInvocableHandlerMethod.java:106)
	at org.springframework.web.servlet.mvc.method.annotation.RequestMappingHandlerAdapter.invokeHandlerMethod(RequestMappingHandlerAdapter.java:888)
	at org.springframework.web.servlet.mvc.method.annotation.RequestMappingHandlerAdapter.handleInternal(RequestMappingHandlerAdapter.java:793)
	at org.springframework.web.servlet.mvc.method.AbstractHandlerMethodAdapter.handle(AbstractHandlerMethodAdapter.java:87)
	at org.springframework.web.servlet.DispatcherServlet.doDispatch(DispatcherServlet.java:1040)
	at org.springframework.web.servlet.DispatcherServlet.doService(DispatcherServlet.java:943)
	at org.springframework.web.servlet.FrameworkServlet.processRequest(FrameworkServlet.java:1006)
	at org.springframework.web.servlet.FrameworkServlet.doGet(FrameworkServlet.java:898)
	at javax.servlet.http.HttpServlet.service(HttpServlet.java:634)
	at org.springframework.web.servlet.FrameworkServlet.service(FrameworkServlet.java:883)
	at javax.servlet.http.HttpServlet.service(HttpServlet.java:741)
	at org.apache.catalina.core.ApplicationFilterChain.internalDoFilter(ApplicationFilterChain.java:231)
	at org.apache.catalina.core.ApplicationFilterChain.doFilter(ApplicationFilterChain.java:166)
	at org.apache.tomcat.websocket.server.WsFilter.doFilter(WsFilter.java:53)
	at org.apache.catalina.core.ApplicationFilterChain.internalDoFilter(ApplicationFilterChain.java:193)
	at org.apache.catalina.core.ApplicationFilterChain.doFilter(ApplicationFilterChain.java:166)
	at com.alibaba.druid.support.http.WebStatFilter.doFilter(WebStatFilter.java:123)
	at org.apache.catalina.core.ApplicationFilterChain.internalDoFilter(ApplicationFilterChain.java:193)
	at org.apache.catalina.core.ApplicationFilterChain.doFilter(ApplicationFilterChain.java:166)
	at org.springframework.web.filter.RequestContextFilter.doFilterInternal(RequestContextFilter.java:100)
	at org.springframework.web.filter.OncePerRequestFilter.doFilter(OncePerRequestFilter.java:119)
	at org.apache.catalina.core.ApplicationFilterChain.internalDoFilter(ApplicationFilterChain.java:193)
	at org.apache.catalina.core.ApplicationFilterChain.doFilter(ApplicationFilterChain.java:166)
	at org.springframework.web.filter.FormContentFilter.doFilterInternal(FormContentFilter.java:93)
	at org.springframework.web.filter.OncePerRequestFilter.doFilter(OncePerRequestFilter.java:119)
	at org.apache.catalina.core.ApplicationFilterChain.internalDoFilter(ApplicationFilterChain.java:193)
	at org.apache.catalina.core.ApplicationFilterChain.doFilter(ApplicationFilterChain.java:166)
	at org.springframework.boot.actuate.metrics.web.servlet.WebMvcMetricsFilter.doFilterInternal(WebMvcMetricsFilter.java:108)
	at org.springframework.web.filter.OncePerRequestFilter.doFilter(OncePerRequestFilter.java:119)
	at org.apache.catalina.core.ApplicationFilterChain.internalDoFilter(ApplicationFilterChain.java:193)
	at org.apache.catalina.core.ApplicationFilterChain.doFilter(ApplicationFilterChain.java:166)
	at org.springframework.web.filter.CharacterEncodingFilter.doFilterInternal(CharacterEncodingFilter.java:201)
	at org.springframework.web.filter.OncePerRequestFilter.doFilter(OncePerRequestFilter.java:119)
	at org.apache.catalina.core.ApplicationFilterChain.internalDoFilter(ApplicationFilterChain.java:193)
	at org.apache.catalina.core.ApplicationFilterChain.doFilter(ApplicationFilterChain.java:166)
	at org.apache.catalina.core.StandardWrapperValve.invoke(StandardWrapperValve.java:202)
	at org.apache.catalina.core.StandardContextValve.invoke(StandardContextValve.java:96)
	at org.apache.catalina.authenticator.AuthenticatorBase.invoke(AuthenticatorBase.java:526)
	at org.apache.catalina.core.StandardHostValve.invoke(StandardHostValve.java:139)
	at org.apache.catalina.valves.ErrorReportValve.invoke(ErrorReportValve.java:92)
	at org.apache.catalina.core.StandardEngineValve.invoke(StandardEngineValve.java:74)
	at org.apache.catalina.connector.CoyoteAdapter.service(CoyoteAdapter.java:343)
	at org.apache.coyote.http11.Http11Processor.service(Http11Processor.java:408)
	at org.apache.coyote.AbstractProcessorLight.process(AbstractProcessorLight.java:66)
	at org.apache.coyote.AbstractProtocol$ConnectionHandler.process(AbstractProtocol.java:861)
	at org.apache.tomcat.util.net.NioEndpoint$SocketProcessor.doRun(NioEndpoint.java:1579)
	at org.apache.tomcat.util.net.SocketProcessorBase.run(SocketProcessorBase.java:49)
	at java.util.concurrent.ThreadPoolExecutor.runWorker(ThreadPoolExecutor.java:1149)
	at java.util.concurrent.ThreadPoolExecutor$Worker.run(ThreadPoolExecutor.java:624)
	at org.apache.tomcat.util.threads.TaskThread$WrappingRunnable.run(TaskThread.java:61)
	at java.lang.Thread.run(Thread.java:748)
2019-12-04 08:55:26.562 INFO  [1202028604406489090] [http-nio-8081-exec-8] c.d.t.javaprojectbestpractices.utils.log.LogAop - ========================================== Start ==========================================
2019-12-04 08:55:26.562 INFO  [1202028604406489090] [http-nio-8081-exec-8] c.d.t.javaprojectbestpractices.utils.log.LogAop - 方法URL            : http://localhost:8081/spring-demo/user/getUserByLikeName/%E5%BC%A0
2019-12-04 08:55:26.562 INFO  [1202028604406489090] [http-nio-8081-exec-8] c.d.t.javaprojectbestpractices.utils.log.LogAop - 方法Description    : 根据姓名模糊查询
2019-12-04 08:55:26.563 INFO  [1202028604406489090] [http-nio-8081-exec-8] c.d.t.javaprojectbestpractices.utils.log.LogAop - HTTP Method    : GET
2019-12-04 08:55:26.563 INFO  [1202028604406489090] [http-nio-8081-exec-8] c.d.t.javaprojectbestpractices.utils.log.LogAop - Class Method   : com.dmsdbj.team3.javaprojectbestpractices.controller.impl.UserController.getUserByLikeName
2019-12-04 08:55:26.563 INFO  [1202028604406489090] [http-nio-8081-exec-8] c.d.t.javaprojectbestpractices.utils.log.LogAop - IP             : 0:0:0:0:0:0:0:1
2019-12-04 08:55:26.604 INFO  [1202028604406489090] [http-nio-8081-exec-8] c.d.t.javaprojectbestpractices.utils.log.LogAop - Request Args   : ["张"]
2019-12-04 08:55:26.789 INFO  [1202028604406489090] [http-nio-8081-exec-8] c.d.t.j.service.impl.UserServiceImpl - 用户输入的模糊查询的内容:[张]
2019-12-04 08:55:26.822 INFO  [1202028604406489090] [http-nio-8081-exec-8] p6spy - 1575420926822|0|statement|connection 4|url jdbc:p6spy:mysql://localhost:3306/test|SELECT 1 FROM DUAL|SELECT 1 FROM DUAL
2019-12-04 08:55:26.838 INFO  [1202028604406489090] [http-nio-8081-exec-8] p6spy - 1575420926838|1|statement|connection 4|url jdbc:p6spy:mysql://localhost:3306/test|SELECT  *  FROM user   WHERE  deleted=0 AND (name LIKE ?)|SELECT  *  FROM user   WHERE  deleted=0 AND (name LIKE '%张%')
2019-12-04 08:55:26.856 INFO  [1202028604406489090] [http-nio-8081-exec-8] c.d.t.javaprojectbestpractices.utils.log.LogAop - Response Args  : {"code":0,"data":[{"deleted":0,"userEvaluation":"demoData","phone":"demoData","name":"张三丰","id":3,"age":45,"email":"demoData"}],"message":"success"}
2019-12-04 08:55:26.861 INFO  [1202028604406489090] [http-nio-8081-exec-8] c.d.t.javaprojectbestpractices.utils.log.LogAop - Time-Consuming : 304 ms
2019-12-04 08:55:26.861 INFO  [] [http-nio-8081-exec-8] c.d.t.javaprojectbestpractices.utils.log.LogAop - =========================================== End ===========================================

2019-12-04 08:55:41.020 INFO  [1202028665060319233] [http-nio-8081-exec-6] c.d.t.javaprojectbestpractices.utils.log.LogAop - ========================================== Start ==========================================
2019-12-04 08:55:41.021 INFO  [1202028665060319233] [http-nio-8081-exec-6] c.d.t.javaprojectbestpractices.utils.log.LogAop - 方法URL            : http://localhost:8081/spring-demo/user/info/4
2019-12-04 08:55:41.021 INFO  [1202028665060319233] [http-nio-8081-exec-6] c.d.t.javaprojectbestpractices.utils.log.LogAop - 方法Description    : 根据Id查询用户
2019-12-04 08:55:41.021 INFO  [1202028665060319233] [http-nio-8081-exec-6] c.d.t.javaprojectbestpractices.utils.log.LogAop - HTTP Method    : GET
2019-12-04 08:55:41.021 INFO  [1202028665060319233] [http-nio-8081-exec-6] c.d.t.javaprojectbestpractices.utils.log.LogAop - Class Method   : com.dmsdbj.team3.javaprojectbestpractices.controller.impl.UserController.getUser
2019-12-04 08:55:41.021 INFO  [1202028665060319233] [http-nio-8081-exec-6] c.d.t.javaprojectbestpractices.utils.log.LogAop - IP             : 0:0:0:0:0:0:0:1
2019-12-04 08:55:41.021 INFO  [1202028665060319233] [http-nio-8081-exec-6] c.d.t.javaprojectbestpractices.utils.log.LogAop - Request Args   : [4]
2019-12-04 08:55:41.027 INFO  [1202028665060319233] [http-nio-8081-exec-6] p6spy - 1575420941027|1|statement|connection 4|url jdbc:p6spy:mysql://localhost:3306/test|SELECT * FROM user WHERE id=?  AND deleted=0|SELECT * FROM user WHERE id=4  AND deleted=0
2019-12-04 08:55:41.029 INFO  [1202028665060319233] [http-nio-8081-exec-6] c.d.t.javaprojectbestpractices.utils.log.LogAop - Response Args  : {"code":0,"data":[{"deleted":0,"userEvaluation":"demoData","phone":"demoData","name":"李四","id":4,"age":23,"email":"demoData"}],"message":"success"}
2019-12-04 08:55:41.029 INFO  [1202028665060319233] [http-nio-8081-exec-6] c.d.t.javaprojectbestpractices.utils.log.LogAop - Time-Consuming : 9 ms
2019-12-04 08:55:41.029 INFO  [] [http-nio-8081-exec-6] c.d.t.javaprojectbestpractices.utils.log.LogAop - =========================================== End ===========================================

2019-12-04 08:55:55.622 INFO  [1202028726301351938] [http-nio-8081-exec-7] c.d.t.javaprojectbestpractices.utils.log.LogAop - ========================================== Start ==========================================
2019-12-04 08:55:55.622 INFO  [1202028726301351938] [http-nio-8081-exec-7] c.d.t.javaprojectbestpractices.utils.log.LogAop - 方法URL            : http://localhost:8081/spring-demo/user/list
2019-12-04 08:55:55.622 INFO  [1202028726301351938] [http-nio-8081-exec-7] c.d.t.javaprojectbestpractices.utils.log.LogAop - 方法Description    : 查询所有用户
2019-12-04 08:55:55.622 INFO  [1202028726301351938] [http-nio-8081-exec-7] c.d.t.javaprojectbestpractices.utils.log.LogAop - HTTP Method    : GET
2019-12-04 08:55:55.622 INFO  [1202028726301351938] [http-nio-8081-exec-7] c.d.t.javaprojectbestpractices.utils.log.LogAop - Class Method   : com.dmsdbj.team3.javaprojectbestpractices.controller.impl.UserController.getUserList
2019-12-04 08:55:55.622 INFO  [1202028726301351938] [http-nio-8081-exec-7] c.d.t.javaprojectbestpractices.utils.log.LogAop - IP             : 0:0:0:0:0:0:0:1
2019-12-04 08:55:55.623 INFO  [1202028726301351938] [http-nio-8081-exec-7] c.d.t.javaprojectbestpractices.utils.log.LogAop - Request Args   : [{"current":1,"total":0,"pages":0,"size":10,"records":[],"searchCount":true,"orders":[]}]
2019-12-04 08:55:55.651 INFO  [1202028726301351938] [http-nio-8081-exec-7] p6spy - 1575420955651|0|statement|connection 4|url jdbc:p6spy:mysql://localhost:3306/test|SELECT COUNT(1) FROM user WHERE deleted = 0|SELECT COUNT(1) FROM user WHERE deleted = 0
2019-12-04 08:55:55.655 INFO  [1202028726301351938] [http-nio-8081-exec-7] p6spy - 1575420955655|0|statement|connection 4|url jdbc:p6spy:mysql://localhost:3306/test|SELECT  *  FROM user   WHERE  deleted=0 LIMIT ?,?|SELECT  *  FROM user   WHERE  deleted=0 LIMIT 0,10
2019-12-04 08:55:55.662 INFO  [1202028726301351938] [http-nio-8081-exec-7] c.d.t.javaprojectbestpractices.utils.log.LogAop - Response Args  : {"code":0,"message":"success"}
2019-12-04 08:55:55.662 INFO  [1202028726301351938] [http-nio-8081-exec-7] c.d.t.javaprojectbestpractices.utils.log.LogAop - Time-Consuming : 40 ms
2019-12-04 08:55:55.662 INFO  [] [http-nio-8081-exec-7] c.d.t.javaprojectbestpractices.utils.log.LogAop - =========================================== End ===========================================

2019-12-04 08:56:48.869 INFO  [1202028949635457026] [http-nio-8081-exec-9] c.d.t.javaprojectbestpractices.utils.log.LogAop - ========================================== Start ==========================================
2019-12-04 08:56:48.870 INFO  [1202028949635457026] [http-nio-8081-exec-9] c.d.t.javaprojectbestpractices.utils.log.LogAop - 方法URL            : http://localhost:8081/spring-demo/user/remove/680
2019-12-04 08:56:48.870 INFO  [1202028949635457026] [http-nio-8081-exec-9] c.d.t.javaprojectbestpractices.utils.log.LogAop - 方法Description    : 根据UserId删除一个用户
2019-12-04 08:56:48.870 INFO  [1202028949635457026] [http-nio-8081-exec-9] c.d.t.javaprojectbestpractices.utils.log.LogAop - HTTP Method    : DELETE
2019-12-04 08:56:48.870 INFO  [1202028949635457026] [http-nio-8081-exec-9] c.d.t.javaprojectbestpractices.utils.log.LogAop - Class Method   : com.dmsdbj.team3.javaprojectbestpractices.controller.impl.UserController.removeUser
2019-12-04 08:56:48.870 INFO  [1202028949635457026] [http-nio-8081-exec-9] c.d.t.javaprojectbestpractices.utils.log.LogAop - IP             : 0:0:0:0:0:0:0:1
2019-12-04 08:56:48.870 INFO  [1202028949635457026] [http-nio-8081-exec-9] c.d.t.javaprojectbestpractices.utils.log.LogAop - Request Args   : [680]
2019-12-04 08:56:48.875 INFO  [1202028949635457026] [http-nio-8081-exec-9] p6spy - 1575421008874|3|statement|connection 4|url jdbc:p6spy:mysql://localhost:3306/test|UPDATE user SET deleted=1 WHERE id=?  AND deleted=0|UPDATE user SET deleted=1 WHERE id=680  AND deleted=0
2019-12-04 08:56:48.875 INFO  [1202028949635457026] [http-nio-8081-exec-9] c.d.t.javaprojectbestpractices.utils.log.LogAop - Response Args  : {"code":0,"data":[true],"message":"success"}
2019-12-04 08:56:48.875 INFO  [1202028949635457026] [http-nio-8081-exec-9] c.d.t.javaprojectbestpractices.utils.log.LogAop - Time-Consuming : 6 ms
2019-12-04 08:56:48.875 INFO  [] [http-nio-8081-exec-9] c.d.t.javaprojectbestpractices.utils.log.LogAop - =========================================== End ===========================================

2019-12-04 08:57:33.036 WARN  [] [http-nio-8081-exec-10] javax.persistence.spi - javax.persistence.spi::No valid providers found.
2019-12-04 08:57:33.050 WARN  [] [http-nio-8081-exec-10] o.s.w.s.m.m.a.ExceptionHandlerExceptionResolver - Resolved [org.springframework.web.bind.MethodArgumentNotValidException: Validation failed for argument [0] in public com.dmsdbj.team3.javaprojectbestpractices.utils.exception.ResultBean<java.lang.Boolean> com.dmsdbj.team3.javaprojectbestpractices.controller.impl.UserController.saveUser(com.dmsdbj.team3.javaprojectbestpractices.entity.User) with 2 errors: [Field error in object 'user' on field 'email': rejected value [string]; codes [Email.user.email,Email.email,Email.java.lang.String,Email]; arguments [org.springframework.context.support.DefaultMessageSourceResolvable: codes [user.email,email]; arguments []; default message [email],[Ljavax.validation.constraints.Pattern$Flag;@2285966a,.*]; default message [邮箱格式不正确]] [Field error in object 'user' on field 'phone': rejected value [string]; codes [Pattern.user.phone,Pattern.phone,Pattern.java.lang.String,Pattern]; arguments [org.springframework.context.support.DefaultMessageSourceResolvable: codes [user.phone,phone]; arguments []; default message [phone],[Ljavax.validation.constraints.Pattern$Flag;@1d00cc00,^[1][3,4,5,6,7,8,9][0-9]{9}$]; default message [手机号格式有误]] ]
2019-12-04 08:58:38.492 WARN  [] [http-nio-8081-exec-2] o.s.w.s.m.m.a.ExceptionHandlerExceptionResolver - Resolved [org.springframework.web.bind.MethodArgumentNotValidException: Validation failed for argument [0] in public com.dmsdbj.team3.javaprojectbestpractices.utils.exception.ResultBean<java.lang.Boolean> com.dmsdbj.team3.javaprojectbestpractices.controller.impl.UserController.saveUser(com.dmsdbj.team3.javaprojectbestpractices.entity.User): [Field error in object 'user' on field 'email': rejected value [string]; codes [Email.user.email,Email.email,Email.java.lang.String,Email]; arguments [org.springframework.context.support.DefaultMessageSourceResolvable: codes [user.email,email]; arguments []; default message [email],[Ljavax.validation.constraints.Pattern$Flag;@2285966a,.*]; default message [邮箱格式不正确]] ]
2019-12-04 08:59:03.179 INFO  [1202029512976621569] [http-nio-8081-exec-5] c.d.t.javaprojectbestpractices.utils.log.LogAop - ========================================== Start ==========================================
2019-12-04 08:59:03.180 INFO  [1202029512976621569] [http-nio-8081-exec-5] c.d.t.javaprojectbestpractices.utils.log.LogAop - 方法URL            : http://localhost:8081/spring-demo/user/save
2019-12-04 08:59:03.180 INFO  [1202029512976621569] [http-nio-8081-exec-5] c.d.t.javaprojectbestpractices.utils.log.LogAop - 方法Description    : 新增一个用户
2019-12-04 08:59:03.180 INFO  [1202029512976621569] [http-nio-8081-exec-5] c.d.t.javaprojectbestpractices.utils.log.LogAop - HTTP Method    : POST
2019-12-04 08:59:03.180 INFO  [1202029512976621569] [http-nio-8081-exec-5] c.d.t.javaprojectbestpractices.utils.log.LogAop - Class Method   : com.dmsdbj.team3.javaprojectbestpractices.controller.impl.UserController.saveUser
2019-12-04 08:59:03.180 INFO  [1202029512976621569] [http-nio-8081-exec-5] c.d.t.javaprojectbestpractices.utils.log.LogAop - IP             : 0:0:0:0:0:0:0:1
2019-12-04 08:59:03.181 INFO  [1202029512976621569] [http-nio-8081-exec-5] c.d.t.javaprojectbestpractices.utils.log.LogAop - Request Args   : [{"otherInfo":{"city":"string","sex":"string"},"deleted":0,"userEvaluation":"string","phone":"18333640089","name":"string","id":888,"age":0,"email":"18333640089@163.com"}]
2019-12-04 08:59:03.184 INFO  [1202029512976621569] [http-nio-8081-exec-5] p6spy - 1575421143184|0|statement|connection 4|url jdbc:p6spy:mysql://localhost:3306/test|SELECT 1 FROM DUAL|SELECT 1 FROM DUAL
2019-12-04 08:59:03.189 INFO  [1202029512976621569] [http-nio-8081-exec-5] p6spy - 1575421143189|1|statement|connection 4|url jdbc:p6spy:mysql://localhost:3306/test|INSERT INTO user  ( id, other_info, deleted, userEvaluation, create_time, phone, name, update_time, email, age )  VALUES  ( ?, ?, ?, ?, ?, ?, ?, ?, ?, ? )|INSERT INTO user  ( id, other_info, deleted, userEvaluation, create_time, phone, name, update_time, email, age )  VALUES  ( 888, '{"city":"string","sex":"string"}', 0, 'string', '2019-12-04T08:59:03.183+0800', '18333640089', 'string', '2019-12-04T08:59:03.183+0800', '18333640089@163.com', 0 )
2019-12-04 08:59:03.189 INFO  [1202029512976621569] [http-nio-8081-exec-5] c.d.t.javaprojectbestpractices.utils.log.LogAop - Response Args  : {"code":0,"data":[true],"message":"success"}
2019-12-04 08:59:03.189 INFO  [1202029512976621569] [http-nio-8081-exec-5] c.d.t.javaprojectbestpractices.utils.log.LogAop - Time-Consuming : 10 ms
2019-12-04 08:59:03.189 INFO  [] [http-nio-8081-exec-5] c.d.t.javaprojectbestpractices.utils.log.LogAop - =========================================== End ===========================================

2019-12-04 09:00:01.535 INFO  [1202029757735231490] [http-nio-8081-exec-1] c.d.t.javaprojectbestpractices.utils.log.LogAop - ========================================== Start ==========================================
2019-12-04 09:00:01.535 INFO  [1202029757735231490] [http-nio-8081-exec-1] c.d.t.javaprojectbestpractices.utils.log.LogAop - 方法URL            : http://localhost:8081/spring-demo/user/updateUserByPhone/1833364008/18333640078
2019-12-04 09:00:01.535 INFO  [1202029757735231490] [http-nio-8081-exec-1] c.d.t.javaprojectbestpractices.utils.log.LogAop - 方法Description    : 根据用户的手机号更新用户信息
2019-12-04 09:00:01.535 INFO  [1202029757735231490] [http-nio-8081-exec-1] c.d.t.javaprojectbestpractices.utils.log.LogAop - HTTP Method    : POST
2019-12-04 09:00:01.535 INFO  [1202029757735231490] [http-nio-8081-exec-1] c.d.t.javaprojectbestpractices.utils.log.LogAop - Class Method   : com.dmsdbj.team3.javaprojectbestpractices.controller.impl.UserController.updateUserByPhone
2019-12-04 09:00:01.535 INFO  [1202029757735231490] [http-nio-8081-exec-1] c.d.t.javaprojectbestpractices.utils.log.LogAop - IP             : 0:0:0:0:0:0:0:1
2019-12-04 09:00:01.535 INFO  [1202029757735231490] [http-nio-8081-exec-1] c.d.t.javaprojectbestpractices.utils.log.LogAop - Request Args   : ["1833364008","18333640078"]
2019-12-04 09:00:01.537 INFO  [1202029757735231490] [http-nio-8081-exec-1] c.d.t.javaprojectbestpractices.utils.log.LogAop - =========================================== End ===========================================

2019-12-04 09:00:01.537 INFO  [1202029757735231490] [http-nio-8081-exec-1] c.d.t.javaprojectbestpractices.utils.log.LogAop - 运行的切面joinPoint:[execution(ResultBean com.dmsdbj.team3.javaprojectbestpractices.controller.impl.UserController.updateUserByPhone(String,String))]
2019-12-04 09:00:01.537 INFO  [1202029757735231490] [http-nio-8081-exec-1] c.d.t.javaprojectbestpractices.utils.log.LogAop - 运行的线程tag:[null]
2019-12-04 09:00:01.538 WARN  [1202029757735231490] [http-nio-8081-exec-1] o.s.w.s.m.m.a.ExceptionHandlerExceptionResolver - Resolved [javax.validation.ConstraintViolationException: updateUserByPhone.oldPhone: 手机号码格式错误]
2019-12-04 09:00:16.442 INFO  [1202029820263915522] [http-nio-8081-exec-8] c.d.t.javaprojectbestpractices.utils.log.LogAop - ========================================== Start ==========================================
2019-12-04 09:00:16.443 INFO  [1202029820263915522] [http-nio-8081-exec-8] c.d.t.javaprojectbestpractices.utils.log.LogAop - 方法URL            : http://localhost:8081/spring-demo/user/updateUserByPhone/18333640089/18333640078
2019-12-04 09:00:16.443 INFO  [1202029820263915522] [http-nio-8081-exec-8] c.d.t.javaprojectbestpractices.utils.log.LogAop - 方法Description    : 根据用户的手机号更新用户信息
2019-12-04 09:00:16.443 INFO  [1202029820263915522] [http-nio-8081-exec-8] c.d.t.javaprojectbestpractices.utils.log.LogAop - HTTP Method    : POST
2019-12-04 09:00:16.443 INFO  [1202029820263915522] [http-nio-8081-exec-8] c.d.t.javaprojectbestpractices.utils.log.LogAop - Class Method   : com.dmsdbj.team3.javaprojectbestpractices.controller.impl.UserController.updateUserByPhone
2019-12-04 09:00:16.443 INFO  [1202029820263915522] [http-nio-8081-exec-8] c.d.t.javaprojectbestpractices.utils.log.LogAop - IP             : 0:0:0:0:0:0:0:1
2019-12-04 09:00:16.443 INFO  [1202029820263915522] [http-nio-8081-exec-8] c.d.t.javaprojectbestpractices.utils.log.LogAop - Request Args   : ["18333640089","18333640078"]
2019-12-04 09:00:16.447 INFO  [1202029820263915522] [http-nio-8081-exec-8] p6spy - 1575421216447|0|statement|connection 4|url jdbc:p6spy:mysql://localhost:3306/test|SELECT 1 FROM DUAL|SELECT 1 FROM DUAL
2019-12-04 09:00:16.451 INFO  [1202029820263915522] [http-nio-8081-exec-8] p6spy - 1575421216451|0|statement|connection 4|url jdbc:p6spy:mysql://localhost:3306/test|select           		id, name,age,email,phone,userEvaluation,deleted,create_time,update_time,other_info 	          from user         where phone = ? and deleted=0|select           		id, name,age,email,phone,userEvaluation,deleted,create_time,update_time,other_info 	          from user         where phone = '18333640089' and deleted=0
2019-12-04 09:00:16.456 INFO  [1202029820263915522] [http-nio-8081-exec-8] c.d.t.j.service.impl.UserServiceImpl - 根据手机号查询到用户信息. phone=[18333640089],user=[{"age":0,"createTime":1575421143000,"deleted":0,"email":"18333640089@163.com","id":888,"name":"string","otherInfo":{"city":"string","sex":"string"},"phone":"18333640089","updateTime":1575421143000,"userEvaluation":"string"}]
2019-12-04 09:00:16.461 INFO  [1202029820263915522] [http-nio-8081-exec-8] p6spy - 1575421216460|0|statement|connection 4|url jdbc:p6spy:mysql://localhost:3306/test|UPDATE user  SET other_info=?, userEvaluation=?, create_time=?, phone=?, name=?, update_time=?, email=?, age=?  WHERE id=?   AND deleted=0|UPDATE user  SET other_info='{"city":"string","sex":"string"}', userEvaluation='string', create_time='2019-12-04T08:59:03.000+0800', phone='18333640078', name='string', update_time='2019-12-04T08:59:03.000+0800', email='18333640089@163.com', age=0  WHERE id=888   AND deleted=0
2019-12-04 09:00:16.463 INFO  [1202029820263915522] [http-nio-8081-exec-8] c.d.t.javaprojectbestpractices.utils.log.LogAop - Response Args  : {"code":0,"data":[true],"message":"success"}
2019-12-04 09:00:16.464 INFO  [1202029820263915522] [http-nio-8081-exec-8] c.d.t.javaprojectbestpractices.utils.log.LogAop - Time-Consuming : 22 ms
2019-12-04 09:00:16.464 INFO  [] [http-nio-8081-exec-8] c.d.t.javaprojectbestpractices.utils.log.LogAop - =========================================== End ===========================================

2019-12-04 09:00:40.777 INFO  [] [SpringContextShutdownHook] o.s.scheduling.concurrent.ThreadPoolTaskExecutor - Shutting down ExecutorService 'applicationTaskExecutor'
2019-12-04 09:00:40.783 INFO  [] [SpringContextShutdownHook] com.alibaba.druid.pool.DruidDataSource - {dataSource-1} closed
2019-12-04 09:00:46.073 INFO  [] [restartedMain] c.d.t.j.JavaProjectBestPracticesApplication - Starting JavaProjectBestPracticesApplication on SunshinedeMacBook-Pro.local with PID 10677 (/Users/sunshinezhang/Documents/Team3/technology/bestPratices/java-project-best-practices/target/classes started by sunshinezhang in /Users/sunshinezhang/Documents/Team3/technology/bestPratices/java-project-best-practices)
2019-12-04 09:00:46.080 INFO  [] [restartedMain] c.d.t.j.JavaProjectBestPracticesApplication - No active profile set, falling back to default profiles: default
2019-12-04 09:00:46.180 INFO  [] [restartedMain] o.s.b.d.env.DevToolsPropertyDefaultsPostProcessor - Devtools property defaults active! Set 'spring.devtools.add-properties' to 'false' to disable
2019-12-04 09:00:46.180 INFO  [] [restartedMain] o.s.b.d.env.DevToolsPropertyDefaultsPostProcessor - For additional web related logging consider setting the 'logging.level.web' property to 'DEBUG'
2019-12-04 09:00:46.786 WARN  [] [restartedMain] org.mybatis.spring.mapper.ClassPathMapperScanner - No MyBatis mapper was found in '[com.dmsdbj.team3.javaprojectbestpractices]' package. Please check your configuration.
2019-12-04 09:00:47.128 INFO  [] [restartedMain] o.s.c.s.PostProcessorRegistrationDelegate$BeanPostProcessorChecker - Bean 'org.springframework.transaction.annotation.ProxyTransactionManagementConfiguration' of type [org.springframework.transaction.annotation.ProxyTransactionManagementConfiguration] is not eligible for getting processed by all BeanPostProcessors (for example: not eligible for auto-proxying)
2019-12-04 09:00:47.544 INFO  [] [restartedMain] o.s.boot.web.embedded.tomcat.TomcatWebServer - Tomcat initialized with port(s): 8081 (http)
2019-12-04 09:00:47.550 INFO  [] [restartedMain] org.apache.coyote.http11.Http11NioProtocol - Initializing ProtocolHandler ["http-nio-8081"]
2019-12-04 09:00:47.550 INFO  [] [restartedMain] org.apache.catalina.core.StandardService - Starting service [Tomcat]
2019-12-04 09:00:47.551 INFO  [] [restartedMain] org.apache.catalina.core.StandardEngine - Starting Servlet engine: [Apache Tomcat/9.0.27]
2019-12-04 09:00:47.597 INFO  [] [restartedMain] o.a.c.c.C.[Tomcat].[localhost].[/spring-demo] - Initializing Spring embedded WebApplicationContext
2019-12-04 09:00:47.597 INFO  [] [restartedMain] org.springframework.web.context.ContextLoader - Root WebApplicationContext: initialization completed in 1417 ms
2019-12-04 09:00:47.736 INFO  [] [restartedMain] c.a.d.s.b.a.DruidDataSourceAutoConfigure - Init DruidDataSource
2019-12-04 09:00:48.115 INFO  [] [restartedMain] p6spy - 1575421248115|6|statement|connection 0|url jdbc:p6spy:mysql://localhost:3306/test|SELECT 1 FROM DUAL|SELECT 1 FROM DUAL
2019-12-04 09:00:48.131 INFO  [] [restartedMain] p6spy - 1575421248131|0|statement|connection 1|url jdbc:p6spy:mysql://localhost:3306/test|SELECT 1 FROM DUAL|SELECT 1 FROM DUAL
2019-12-04 09:00:48.143 INFO  [] [restartedMain] p6spy - 1575421248143|0|statement|connection 2|url jdbc:p6spy:mysql://localhost:3306/test|SELECT 1 FROM DUAL|SELECT 1 FROM DUAL
2019-12-04 09:00:48.155 INFO  [] [restartedMain] p6spy - 1575421248155|0|statement|connection 3|url jdbc:p6spy:mysql://localhost:3306/test|SELECT 1 FROM DUAL|SELECT 1 FROM DUAL
2019-12-04 09:00:48.166 INFO  [] [restartedMain] p6spy - 1575421248166|0|statement|connection 4|url jdbc:p6spy:mysql://localhost:3306/test|SELECT 1 FROM DUAL|SELECT 1 FROM DUAL
2019-12-04 09:00:48.168 INFO  [] [restartedMain] com.alibaba.druid.pool.DruidDataSource - {dataSource-1} inited
2019-12-04 09:00:48.789 INFO  [] [restartedMain] o.s.b.actuate.endpoint.web.EndpointLinksResolver - Exposing 14 endpoint(s) beneath base path '/actuator'
2019-12-04 09:00:48.849 INFO  [] [restartedMain] s.d.s.w.PropertySourcedRequestMappingHandlerMapping - Mapped URL path [/v2/api-docs] onto method [springfox.documentation.swagger2.web.Swagger2Controller#getDocumentation(String, HttpServletRequest)]
2019-12-04 09:00:48.950 INFO  [] [restartedMain] o.s.scheduling.concurrent.ThreadPoolTaskExecutor - Initializing ExecutorService 'applicationTaskExecutor'
2019-12-04 09:00:48.996 INFO  [] [restartedMain] o.s.b.d.autoconfigure.OptionalLiveReloadServer - LiveReload server is running on port 35729
2019-12-04 09:00:49.206 INFO  [] [restartedMain] s.d.s.web.plugins.DocumentationPluginsBootstrapper - Context refreshed
2019-12-04 09:00:49.219 INFO  [] [restartedMain] s.d.s.web.plugins.DocumentationPluginsBootstrapper - Found 1 custom documentation plugin(s)
2019-12-04 09:00:49.250 INFO  [] [restartedMain] s.d.spring.web.scanners.ApiListingReferenceScanner - Scanning for api listing references
2019-12-04 09:00:49.384 INFO  [] [restartedMain] org.apache.coyote.http11.Http11NioProtocol - Starting ProtocolHandler ["http-nio-8081"]
2019-12-04 09:00:49.413 INFO  [] [restartedMain] o.s.boot.web.embedded.tomcat.TomcatWebServer - Tomcat started on port(s): 8081 (http) with context path '/spring-demo'
2019-12-04 09:00:49.416 INFO  [] [restartedMain] c.d.t.j.JavaProjectBestPracticesApplication - Started JavaProjectBestPracticesApplication in 3.974 seconds (JVM running for 4.536)
2019-12-04 09:00:49.732 INFO  [] [RMI TCP Connection(4)-127.0.0.1] o.a.c.c.C.[Tomcat].[localhost].[/spring-demo] - Initializing Spring DispatcherServlet 'dispatcherServlet'
2019-12-04 09:00:49.732 INFO  [] [RMI TCP Connection(4)-127.0.0.1] org.springframework.web.servlet.DispatcherServlet - Initializing Servlet 'dispatcherServlet'
2019-12-04 09:00:49.740 INFO  [] [RMI TCP Connection(5)-127.0.0.1] p6spy - 1575421249740|0|statement|connection 4|url jdbc:p6spy:mysql://localhost:3306/test|/* ping */ SELECT 1|/* ping */ SELECT 1
2019-12-04 09:00:49.740 INFO  [] [RMI TCP Connection(4)-127.0.0.1] org.springframework.web.servlet.DispatcherServlet - Completed initialization in 8 ms
2019-12-04 09:01:35.050 INFO  [1202030149961281537] [http-nio-8081-exec-1] c.d.t.javaprojectbestpractices.utils.log.LogAop - ========================================== Start ==========================================
2019-12-04 09:01:35.051 INFO  [1202030149961281537] [http-nio-8081-exec-1] c.d.t.javaprojectbestpractices.utils.log.LogAop - 方法URL            : http://localhost:8081/spring-demo/user/list
2019-12-04 09:01:35.051 INFO  [1202030149961281537] [http-nio-8081-exec-1] c.d.t.javaprojectbestpractices.utils.log.LogAop - 方法Description    : 查询所有用户
2019-12-04 09:01:35.051 INFO  [1202030149961281537] [http-nio-8081-exec-1] c.d.t.javaprojectbestpractices.utils.log.LogAop - HTTP Method    : GET
2019-12-04 09:01:35.051 INFO  [1202030149961281537] [http-nio-8081-exec-1] c.d.t.javaprojectbestpractices.utils.log.LogAop - Class Method   : com.dmsdbj.team3.javaprojectbestpractices.controller.impl.UserController.getUserList
2019-12-04 09:01:35.052 INFO  [1202030149961281537] [http-nio-8081-exec-1] c.d.t.javaprojectbestpractices.utils.log.LogAop - IP             : 0:0:0:0:0:0:0:1
2019-12-04 09:01:35.098 INFO  [1202030149961281537] [http-nio-8081-exec-1] c.d.t.javaprojectbestpractices.utils.log.LogAop - Request Args   : [{"current":1,"total":0,"pages":0,"size":10,"records":[],"searchCount":true,"orders":[]}]
2019-12-04 09:01:40.045 INFO  [1202030149961281537] [http-nio-8081-exec-1] p6spy - 1575421300044|15|statement|connection 4|url jdbc:p6spy:mysql://localhost:3306/test|SELECT COUNT(1) FROM user WHERE deleted = 0|SELECT COUNT(1) FROM user WHERE deleted = 0
2019-12-04 09:01:40.152 INFO  [1202030149961281537] [http-nio-8081-exec-1] p6spy - 1575421300150|26|statement|connection 4|url jdbc:p6spy:mysql://localhost:3306/test|SELECT  *  FROM user   WHERE  deleted=0 LIMIT ?,?|SELECT  *  FROM user   WHERE  deleted=0 LIMIT 0,10
2019-12-04 09:05:00.541 INFO  [1202030149961281537] [http-nio-8081-exec-1] c.d.t.javaprojectbestpractices.utils.log.LogAop - Response Args  : {"code":0,"message":"success"}
2019-12-04 09:05:00.541 INFO  [1202030149961281537] [http-nio-8081-exec-1] c.d.t.javaprojectbestpractices.utils.log.LogAop - Time-Consuming : 205496 ms
2019-12-04 09:05:00.542 INFO  [] [http-nio-8081-exec-1] c.d.t.javaprojectbestpractices.utils.log.LogAop - =========================================== End ===========================================

2019-12-04 09:05:00.589 INFO  [] [SpringContextShutdownHook] o.s.scheduling.concurrent.ThreadPoolTaskExecutor - Shutting down ExecutorService 'applicationTaskExecutor'
2019-12-04 09:05:00.606 INFO  [] [SpringContextShutdownHook] com.alibaba.druid.pool.DruidDataSource - {dataSource-1} closed
2019-12-04 09:08:56.117 INFO  [] [restartedMain] c.d.t.j.JavaProjectBestPracticesApplication - Starting JavaProjectBestPracticesApplication on SunshinedeMacBook-Pro.local with PID 10764 (/Users/sunshinezhang/Documents/Team3/technology/bestPratices/java-project-best-practices/target/classes started by sunshinezhang in /Users/sunshinezhang/Documents/Team3/technology/bestPratices/java-project-best-practices)
2019-12-04 09:08:56.120 INFO  [] [restartedMain] c.d.t.j.JavaProjectBestPracticesApplication - No active profile set, falling back to default profiles: default
2019-12-04 09:08:56.157 INFO  [] [restartedMain] o.s.b.d.env.DevToolsPropertyDefaultsPostProcessor - Devtools property defaults active! Set 'spring.devtools.add-properties' to 'false' to disable
2019-12-04 09:08:56.157 INFO  [] [restartedMain] o.s.b.d.env.DevToolsPropertyDefaultsPostProcessor - For additional web related logging consider setting the 'logging.level.web' property to 'DEBUG'
2019-12-04 09:08:56.842 WARN  [] [restartedMain] org.mybatis.spring.mapper.ClassPathMapperScanner - No MyBatis mapper was found in '[com.dmsdbj.team3.javaprojectbestpractices]' package. Please check your configuration.
2019-12-04 09:08:57.203 INFO  [] [restartedMain] o.s.c.s.PostProcessorRegistrationDelegate$BeanPostProcessorChecker - Bean 'org.springframework.transaction.annotation.ProxyTransactionManagementConfiguration' of type [org.springframework.transaction.annotation.ProxyTransactionManagementConfiguration] is not eligible for getting processed by all BeanPostProcessors (for example: not eligible for auto-proxying)
2019-12-04 09:08:57.660 INFO  [] [restartedMain] o.s.boot.web.embedded.tomcat.TomcatWebServer - Tomcat initialized with port(s): 8081 (http)
2019-12-04 09:08:57.666 INFO  [] [restartedMain] org.apache.coyote.http11.Http11NioProtocol - Initializing ProtocolHandler ["http-nio-8081"]
2019-12-04 09:08:57.666 INFO  [] [restartedMain] org.apache.catalina.core.StandardService - Starting service [Tomcat]
2019-12-04 09:08:57.666 INFO  [] [restartedMain] org.apache.catalina.core.StandardEngine - Starting Servlet engine: [Apache Tomcat/9.0.27]
2019-12-04 09:08:57.713 INFO  [] [restartedMain] o.a.c.c.C.[Tomcat].[localhost].[/spring-demo] - Initializing Spring embedded WebApplicationContext
2019-12-04 09:08:57.713 INFO  [] [restartedMain] org.springframework.web.context.ContextLoader - Root WebApplicationContext: initialization completed in 1556 ms
2019-12-04 09:08:57.880 INFO  [] [restartedMain] c.a.d.s.b.a.DruidDataSourceAutoConfigure - Init DruidDataSource
2019-12-04 09:08:58.274 INFO  [] [restartedMain] p6spy - 1575421738274|6|statement|connection 0|url jdbc:p6spy:mysql://localhost:3306/test|SELECT 1 FROM DUAL|SELECT 1 FROM DUAL
2019-12-04 09:08:58.291 INFO  [] [restartedMain] p6spy - 1575421738291|0|statement|connection 1|url jdbc:p6spy:mysql://localhost:3306/test|SELECT 1 FROM DUAL|SELECT 1 FROM DUAL
2019-12-04 09:08:58.302 INFO  [] [restartedMain] p6spy - 1575421738302|0|statement|connection 2|url jdbc:p6spy:mysql://localhost:3306/test|SELECT 1 FROM DUAL|SELECT 1 FROM DUAL
2019-12-04 09:08:58.314 INFO  [] [restartedMain] p6spy - 1575421738314|0|statement|connection 3|url jdbc:p6spy:mysql://localhost:3306/test|SELECT 1 FROM DUAL|SELECT 1 FROM DUAL
2019-12-04 09:08:58.325 INFO  [] [restartedMain] p6spy - 1575421738325|0|statement|connection 4|url jdbc:p6spy:mysql://localhost:3306/test|SELECT 1 FROM DUAL|SELECT 1 FROM DUAL
2019-12-04 09:08:58.328 INFO  [] [restartedMain] com.alibaba.druid.pool.DruidDataSource - {dataSource-1} inited
2019-12-04 09:08:58.967 INFO  [] [restartedMain] o.s.b.actuate.endpoint.web.EndpointLinksResolver - Exposing 14 endpoint(s) beneath base path '/actuator'
2019-12-04 09:08:59.050 INFO  [] [restartedMain] s.d.s.w.PropertySourcedRequestMappingHandlerMapping - Mapped URL path [/v2/api-docs] onto method [springfox.documentation.swagger2.web.Swagger2Controller#getDocumentation(String, HttpServletRequest)]
2019-12-04 09:08:59.139 INFO  [] [restartedMain] o.s.scheduling.concurrent.ThreadPoolTaskExecutor - Initializing ExecutorService 'applicationTaskExecutor'
2019-12-04 09:08:59.179 INFO  [] [restartedMain] o.s.b.d.autoconfigure.OptionalLiveReloadServer - LiveReload server is running on port 35729
2019-12-04 09:08:59.396 INFO  [] [restartedMain] s.d.s.web.plugins.DocumentationPluginsBootstrapper - Context refreshed
2019-12-04 09:08:59.408 INFO  [] [restartedMain] s.d.s.web.plugins.DocumentationPluginsBootstrapper - Found 1 custom documentation plugin(s)
2019-12-04 09:08:59.441 INFO  [] [restartedMain] s.d.spring.web.scanners.ApiListingReferenceScanner - Scanning for api listing references
2019-12-04 09:08:59.584 INFO  [] [restartedMain] org.apache.coyote.http11.Http11NioProtocol - Starting ProtocolHandler ["http-nio-8081"]
2019-12-04 09:08:59.613 INFO  [] [restartedMain] o.s.boot.web.embedded.tomcat.TomcatWebServer - Tomcat started on port(s): 8081 (http) with context path '/spring-demo'
2019-12-04 09:08:59.616 INFO  [] [restartedMain] c.d.t.j.JavaProjectBestPracticesApplication - Started JavaProjectBestPracticesApplication in 4.252 seconds (JVM running for 4.932)
2019-12-04 09:09:00.057 INFO  [] [RMI TCP Connection(2)-127.0.0.1] o.a.c.c.C.[Tomcat].[localhost].[/spring-demo] - Initializing Spring DispatcherServlet 'dispatcherServlet'
2019-12-04 09:09:00.057 INFO  [] [RMI TCP Connection(2)-127.0.0.1] org.springframework.web.servlet.DispatcherServlet - Initializing Servlet 'dispatcherServlet'
2019-12-04 09:09:00.066 INFO  [] [RMI TCP Connection(3)-127.0.0.1] p6spy - 1575421740066|0|statement|connection 4|url jdbc:p6spy:mysql://localhost:3306/test|/* ping */ SELECT 1|/* ping */ SELECT 1
2019-12-04 09:09:00.066 INFO  [] [RMI TCP Connection(2)-127.0.0.1] org.springframework.web.servlet.DispatcherServlet - Completed initialization in 9 ms
2019-12-04 09:09:08.375 INFO  [1202032051344138242] [http-nio-8081-exec-1] c.d.t.javaprojectbestpractices.utils.log.LogAop - ========================================== Start ==========================================
2019-12-04 09:09:08.376 INFO  [1202032051344138242] [http-nio-8081-exec-1] c.d.t.javaprojectbestpractices.utils.log.LogAop - 方法URL            : http://localhost:8081/spring-demo/user/list
2019-12-04 09:09:08.376 INFO  [1202032051344138242] [http-nio-8081-exec-1] c.d.t.javaprojectbestpractices.utils.log.LogAop - 方法Description    : 查询所有用户
2019-12-04 09:09:08.376 INFO  [1202032051344138242] [http-nio-8081-exec-1] c.d.t.javaprojectbestpractices.utils.log.LogAop - HTTP Method    : GET
2019-12-04 09:09:08.376 INFO  [1202032051344138242] [http-nio-8081-exec-1] c.d.t.javaprojectbestpractices.utils.log.LogAop - Class Method   : com.dmsdbj.team3.javaprojectbestpractices.controller.impl.UserController.getUserList
2019-12-04 09:09:08.376 INFO  [1202032051344138242] [http-nio-8081-exec-1] c.d.t.javaprojectbestpractices.utils.log.LogAop - IP             : 0:0:0:0:0:0:0:1
2019-12-04 09:09:08.425 INFO  [1202032051344138242] [http-nio-8081-exec-1] c.d.t.javaprojectbestpractices.utils.log.LogAop - Request Args   : [{"current":1,"total":0,"pages":0,"size":10,"records":[],"searchCount":true,"orders":[]}]
2019-12-04 09:09:12.660 INFO  [1202032051344138242] [http-nio-8081-exec-1] p6spy - 1575421752660|1|statement|connection 4|url jdbc:p6spy:mysql://localhost:3306/test|SELECT COUNT(1) FROM user WHERE deleted = 0|SELECT COUNT(1) FROM user WHERE deleted = 0
2019-12-04 09:09:12.679 INFO  [1202032051344138242] [http-nio-8081-exec-1] p6spy - 1575421752679|3|statement|connection 4|url jdbc:p6spy:mysql://localhost:3306/test|SELECT  *  FROM user   WHERE  deleted=0 LIMIT ?,?|SELECT  *  FROM user   WHERE  deleted=0 LIMIT 0,10
2019-12-04 09:09:12.716 INFO  [1202032051344138242] [http-nio-8081-exec-1] c.d.t.javaprojectbestpractices.utils.log.LogAop - Response Args  : {"code":0,"data":[{"current":1,"total":15,"pages":2,"size":10,"records":[{"deleted":0,"userEvaluation":"demoData","phone":"demoData","name":"张三丰","id":3,"age":45,"email":"demoData"},{"deleted":0,"userEvaluation":"demoData","phone":"demoData","name":"李四","id":4,"age":23,"email":"demoData"},{"deleted":0,"userEvaluation":"demoData","phone":"demoData","name":"王五","id":5,"age":78,"email":"demoData"},{"deleted":0,"userEvaluation":"string","phone":"string","name":"李四五","id":6,"age":445,"email":"string"},{"deleted":0,"userEvaluation":"string","createTime":1572613128000,"phone":"123456789","name":"string","updateTime":1572613128000,"id":9,"age":0,"email":"string"},{"deleted":0,"userEvaluation":"string","createTime":1572613785000,"phone":"string","name":"string","updateTime":1572613785000,"id":10,"age":0,"email":"string"},{"deleted":0,"userEvaluation":"string","createTime":1572615448000,"phone":"string","name":"string","updateTime":1572615448000,"id":11,"age":0,"email":"string"},{"otherInfo":{"city":"string","sex":"string"},"deleted":0,"userEvaluation":"string","createTime":1572658716000,"phone":"string","name":"string","updateTime":1572658716000,"id":12,"age":0,"email":"string"},{"otherInfo":{"city":"string","sex":"string"},"deleted":0,"userEvaluation":"string","createTime":1575011179000,"phone":"string","name":"string","updateTime":1575011179000,"id":13,"age":0,"email":"string"},{"otherInfo":{"city":"string","sex":"string"},"deleted":0,"userEvaluation":"string","createTime":1575355663000,"phone":"string","name":"string","updateTime":1575355663000,"id":681,"age":0,"email":"string"}],"searchCount":true,"orders":[]}],"message":"success"}
2019-12-04 09:09:12.717 INFO  [1202032051344138242] [http-nio-8081-exec-1] c.d.t.javaprojectbestpractices.utils.log.LogAop - Time-Consuming : 4347 ms
2019-12-04 09:09:12.717 INFO  [] [http-nio-8081-exec-1] c.d.t.javaprojectbestpractices.utils.log.LogAop - =========================================== End ===========================================

2019-12-04 09:09:19.983 INFO  [1202032100035813377] [http-nio-8081-exec-2] c.d.t.javaprojectbestpractices.utils.log.LogAop - ========================================== Start ==========================================
2019-12-04 09:09:19.983 INFO  [1202032100035813377] [http-nio-8081-exec-2] c.d.t.javaprojectbestpractices.utils.log.LogAop - 方法URL            : http://localhost:8081/spring-demo/user/getUserByLikeName/%E5%BC%A0
2019-12-04 09:09:19.983 INFO  [1202032100035813377] [http-nio-8081-exec-2] c.d.t.javaprojectbestpractices.utils.log.LogAop - 方法Description    : 根据姓名模糊查询
2019-12-04 09:09:19.983 INFO  [1202032100035813377] [http-nio-8081-exec-2] c.d.t.javaprojectbestpractices.utils.log.LogAop - HTTP Method    : GET
2019-12-04 09:09:19.983 INFO  [1202032100035813377] [http-nio-8081-exec-2] c.d.t.javaprojectbestpractices.utils.log.LogAop - Class Method   : com.dmsdbj.team3.javaprojectbestpractices.controller.impl.UserController.getUserByLikeName
2019-12-04 09:09:19.983 INFO  [1202032100035813377] [http-nio-8081-exec-2] c.d.t.javaprojectbestpractices.utils.log.LogAop - IP             : 0:0:0:0:0:0:0:1
2019-12-04 09:09:19.983 INFO  [1202032100035813377] [http-nio-8081-exec-2] c.d.t.javaprojectbestpractices.utils.log.LogAop - Request Args   : ["张"]
2019-12-04 09:09:19.988 INFO  [1202032100035813377] [http-nio-8081-exec-2] c.d.t.j.service.impl.UserServiceImpl - 用户输入的模糊查询的内容:[张]
2019-12-04 09:09:19.995 INFO  [1202032100035813377] [http-nio-8081-exec-2] p6spy - 1575421759995|0|statement|connection 4|url jdbc:p6spy:mysql://localhost:3306/test|SELECT  *  FROM user   WHERE  deleted=0 AND (name LIKE ?)|SELECT  *  FROM user   WHERE  deleted=0 AND (name LIKE '%张%')
2019-12-04 09:09:19.995 INFO  [1202032100035813377] [http-nio-8081-exec-2] c.d.t.javaprojectbestpractices.utils.log.LogAop - Response Args  : {"code":0,"data":[{"deleted":0,"userEvaluation":"demoData","phone":"demoData","name":"张三丰","id":3,"age":45,"email":"demoData"}],"message":"success"}
2019-12-04 09:09:19.996 INFO  [1202032100035813377] [http-nio-8081-exec-2] c.d.t.javaprojectbestpractices.utils.log.LogAop - Time-Consuming : 13 ms
2019-12-04 09:09:19.996 INFO  [] [http-nio-8081-exec-2] c.d.t.javaprojectbestpractices.utils.log.LogAop - =========================================== End ===========================================

2019-12-04 09:09:24.471 INFO  [1202032118864044034] [http-nio-8081-exec-3] c.d.t.javaprojectbestpractices.utils.log.LogAop - ========================================== Start ==========================================
2019-12-04 09:09:24.471 INFO  [1202032118864044034] [http-nio-8081-exec-3] c.d.t.javaprojectbestpractices.utils.log.LogAop - 方法URL            : http://localhost:8081/spring-demo/user/info/4
2019-12-04 09:09:24.471 INFO  [1202032118864044034] [http-nio-8081-exec-3] c.d.t.javaprojectbestpractices.utils.log.LogAop - 方法Description    : 根据Id查询用户
2019-12-04 09:09:24.471 INFO  [1202032118864044034] [http-nio-8081-exec-3] c.d.t.javaprojectbestpractices.utils.log.LogAop - HTTP Method    : GET
2019-12-04 09:09:24.471 INFO  [1202032118864044034] [http-nio-8081-exec-3] c.d.t.javaprojectbestpractices.utils.log.LogAop - Class Method   : com.dmsdbj.team3.javaprojectbestpractices.controller.impl.UserController.getUser
2019-12-04 09:09:24.471 INFO  [1202032118864044034] [http-nio-8081-exec-3] c.d.t.javaprojectbestpractices.utils.log.LogAop - IP             : 0:0:0:0:0:0:0:1
2019-12-04 09:09:24.471 INFO  [1202032118864044034] [http-nio-8081-exec-3] c.d.t.javaprojectbestpractices.utils.log.LogAop - Request Args   : [4]
2019-12-04 09:09:24.475 INFO  [1202032118864044034] [http-nio-8081-exec-3] p6spy - 1575421764475|0|statement|connection 4|url jdbc:p6spy:mysql://localhost:3306/test|SELECT * FROM user WHERE id=?  AND deleted=0|SELECT * FROM user WHERE id=4  AND deleted=0
2019-12-04 09:09:24.476 INFO  [1202032118864044034] [http-nio-8081-exec-3] c.d.t.javaprojectbestpractices.utils.log.LogAop - Response Args  : {"code":0,"data":[{"deleted":0,"userEvaluation":"demoData","phone":"demoData","name":"李四","id":4,"age":23,"email":"demoData"}],"message":"success"}
2019-12-04 09:09:24.476 INFO  [1202032118864044034] [http-nio-8081-exec-3] c.d.t.javaprojectbestpractices.utils.log.LogAop - Time-Consuming : 5 ms
2019-12-04 09:09:24.476 INFO  [] [http-nio-8081-exec-3] c.d.t.javaprojectbestpractices.utils.log.LogAop - =========================================== End ===========================================

2019-12-04 09:09:31.191 INFO  [1202032147045572609] [http-nio-8081-exec-4] c.d.t.javaprojectbestpractices.utils.log.LogAop - ========================================== Start ==========================================
2019-12-04 09:09:31.191 INFO  [1202032147045572609] [http-nio-8081-exec-4] c.d.t.javaprojectbestpractices.utils.log.LogAop - 方法URL            : http://localhost:8081/spring-demo/user/list
2019-12-04 09:09:31.191 INFO  [1202032147045572609] [http-nio-8081-exec-4] c.d.t.javaprojectbestpractices.utils.log.LogAop - 方法Description    : 查询所有用户
2019-12-04 09:09:31.191 INFO  [1202032147045572609] [http-nio-8081-exec-4] c.d.t.javaprojectbestpractices.utils.log.LogAop - HTTP Method    : GET
2019-12-04 09:09:31.191 INFO  [1202032147045572609] [http-nio-8081-exec-4] c.d.t.javaprojectbestpractices.utils.log.LogAop - Class Method   : com.dmsdbj.team3.javaprojectbestpractices.controller.impl.UserController.getUserList
2019-12-04 09:09:31.191 INFO  [1202032147045572609] [http-nio-8081-exec-4] c.d.t.javaprojectbestpractices.utils.log.LogAop - IP             : 0:0:0:0:0:0:0:1
2019-12-04 09:09:31.192 INFO  [1202032147045572609] [http-nio-8081-exec-4] c.d.t.javaprojectbestpractices.utils.log.LogAop - Request Args   : [{"current":1,"total":0,"pages":0,"size":10,"records":[],"searchCount":true,"orders":[]}]
2019-12-04 09:09:31.194 INFO  [1202032147045572609] [http-nio-8081-exec-4] p6spy - 1575421771194|0|statement|connection 4|url jdbc:p6spy:mysql://localhost:3306/test|SELECT COUNT(1) FROM user WHERE deleted = 0|SELECT COUNT(1) FROM user WHERE deleted = 0
2019-12-04 09:09:31.195 INFO  [1202032147045572609] [http-nio-8081-exec-4] p6spy - 1575421771195|0|statement|connection 4|url jdbc:p6spy:mysql://localhost:3306/test|SELECT  *  FROM user   WHERE  deleted=0 LIMIT ?,?|SELECT  *  FROM user   WHERE  deleted=0 LIMIT 0,10
2019-12-04 09:09:31.201 INFO  [1202032147045572609] [http-nio-8081-exec-4] c.d.t.javaprojectbestpractices.utils.log.LogAop - Response Args  : {"code":0,"data":[{"current":1,"total":15,"pages":2,"size":10,"records":[{"deleted":0,"userEvaluation":"demoData","phone":"demoData","name":"张三丰","id":3,"age":45,"email":"demoData"},{"deleted":0,"userEvaluation":"demoData","phone":"demoData","name":"李四","id":4,"age":23,"email":"demoData"},{"deleted":0,"userEvaluation":"demoData","phone":"demoData","name":"王五","id":5,"age":78,"email":"demoData"},{"deleted":0,"userEvaluation":"string","phone":"string","name":"李四五","id":6,"age":445,"email":"string"},{"deleted":0,"userEvaluation":"string","createTime":1572613128000,"phone":"123456789","name":"string","updateTime":1572613128000,"id":9,"age":0,"email":"string"},{"deleted":0,"userEvaluation":"string","createTime":1572613785000,"phone":"string","name":"string","updateTime":1572613785000,"id":10,"age":0,"email":"string"},{"deleted":0,"userEvaluation":"string","createTime":1572615448000,"phone":"string","name":"string","updateTime":1572615448000,"id":11,"age":0,"email":"string"},{"otherInfo":{"city":"string","sex":"string"},"deleted":0,"userEvaluation":"string","createTime":1572658716000,"phone":"string","name":"string","updateTime":1572658716000,"id":12,"age":0,"email":"string"},{"otherInfo":{"city":"string","sex":"string"},"deleted":0,"userEvaluation":"string","createTime":1575011179000,"phone":"string","name":"string","updateTime":1575011179000,"id":13,"age":0,"email":"string"},{"otherInfo":{"city":"string","sex":"string"},"deleted":0,"userEvaluation":"string","createTime":1575355663000,"phone":"string","name":"string","updateTime":1575355663000,"id":681,"age":0,"email":"string"}],"searchCount":true,"orders":[]}],"message":"success"}
2019-12-04 09:09:31.201 INFO  [1202032147045572609] [http-nio-8081-exec-4] c.d.t.javaprojectbestpractices.utils.log.LogAop - Time-Consuming : 10 ms
2019-12-04 09:09:31.201 INFO  [] [http-nio-8081-exec-4] c.d.t.javaprojectbestpractices.utils.log.LogAop - =========================================== End ===========================================

2019-12-04 09:09:55.792 INFO  [1202032250233839617] [http-nio-8081-exec-5] c.d.t.javaprojectbestpractices.utils.log.LogAop - ========================================== Start ==========================================
2019-12-04 09:09:55.793 INFO  [1202032250233839617] [http-nio-8081-exec-5] c.d.t.javaprojectbestpractices.utils.log.LogAop - 方法URL            : http://localhost:8081/spring-demo/user/remove/681
2019-12-04 09:09:55.793 INFO  [1202032250233839617] [http-nio-8081-exec-5] c.d.t.javaprojectbestpractices.utils.log.LogAop - 方法Description    : 根据UserId删除一个用户
2019-12-04 09:09:55.793 INFO  [1202032250233839617] [http-nio-8081-exec-5] c.d.t.javaprojectbestpractices.utils.log.LogAop - HTTP Method    : DELETE
2019-12-04 09:09:55.793 INFO  [1202032250233839617] [http-nio-8081-exec-5] c.d.t.javaprojectbestpractices.utils.log.LogAop - Class Method   : com.dmsdbj.team3.javaprojectbestpractices.controller.impl.UserController.removeUser
2019-12-04 09:09:55.793 INFO  [1202032250233839617] [http-nio-8081-exec-5] c.d.t.javaprojectbestpractices.utils.log.LogAop - IP             : 0:0:0:0:0:0:0:1
2019-12-04 09:09:55.793 INFO  [1202032250233839617] [http-nio-8081-exec-5] c.d.t.javaprojectbestpractices.utils.log.LogAop - Request Args   : [681]
2019-12-04 09:09:55.797 INFO  [1202032250233839617] [http-nio-8081-exec-5] p6spy - 1575421795797|2|statement|connection 4|url jdbc:p6spy:mysql://localhost:3306/test|UPDATE user SET deleted=1 WHERE id=?  AND deleted=0|UPDATE user SET deleted=1 WHERE id=681  AND deleted=0
2019-12-04 09:09:55.797 INFO  [1202032250233839617] [http-nio-8081-exec-5] c.d.t.javaprojectbestpractices.utils.log.LogAop - Response Args  : {"code":0,"data":[true],"message":"success"}
2019-12-04 09:09:55.797 INFO  [1202032250233839617] [http-nio-8081-exec-5] c.d.t.javaprojectbestpractices.utils.log.LogAop - Time-Consuming : 5 ms
2019-12-04 09:09:55.797 INFO  [] [http-nio-8081-exec-5] c.d.t.javaprojectbestpractices.utils.log.LogAop - =========================================== End ===========================================

2019-12-04 09:10:03.274 INFO  [1202032281611427841] [http-nio-8081-exec-6] c.d.t.javaprojectbestpractices.utils.log.LogAop - ========================================== Start ==========================================
2019-12-04 09:10:03.274 INFO  [1202032281611427841] [http-nio-8081-exec-6] c.d.t.javaprojectbestpractices.utils.log.LogAop - 方法URL            : http://localhost:8081/spring-demo/user/remove/681
2019-12-04 09:10:03.274 INFO  [1202032281611427841] [http-nio-8081-exec-6] c.d.t.javaprojectbestpractices.utils.log.LogAop - 方法Description    : 根据UserId删除一个用户
2019-12-04 09:10:03.274 INFO  [1202032281611427841] [http-nio-8081-exec-6] c.d.t.javaprojectbestpractices.utils.log.LogAop - HTTP Method    : DELETE
2019-12-04 09:10:03.274 INFO  [1202032281611427841] [http-nio-8081-exec-6] c.d.t.javaprojectbestpractices.utils.log.LogAop - Class Method   : com.dmsdbj.team3.javaprojectbestpractices.controller.impl.UserController.removeUser
2019-12-04 09:10:03.274 INFO  [1202032281611427841] [http-nio-8081-exec-6] c.d.t.javaprojectbestpractices.utils.log.LogAop - IP             : 0:0:0:0:0:0:0:1
2019-12-04 09:10:03.274 INFO  [1202032281611427841] [http-nio-8081-exec-6] c.d.t.javaprojectbestpractices.utils.log.LogAop - Request Args   : [681]
2019-12-04 09:10:03.276 INFO  [1202032281611427841] [http-nio-8081-exec-6] p6spy - 1575421803276|0|statement|connection 4|url jdbc:p6spy:mysql://localhost:3306/test|UPDATE user SET deleted=1 WHERE id=?  AND deleted=0|UPDATE user SET deleted=1 WHERE id=681  AND deleted=0
2019-12-04 09:10:03.276 INFO  [1202032281611427841] [http-nio-8081-exec-6] c.d.t.javaprojectbestpractices.utils.log.LogAop - Response Args  : {"code":0,"data":[false],"message":"success"}
2019-12-04 09:10:03.276 INFO  [1202032281611427841] [http-nio-8081-exec-6] c.d.t.javaprojectbestpractices.utils.log.LogAop - Time-Consuming : 2 ms
2019-12-04 09:10:03.276 INFO  [] [http-nio-8081-exec-6] c.d.t.javaprojectbestpractices.utils.log.LogAop - =========================================== End ===========================================

2019-12-04 09:10:24.571 WARN  [] [http-nio-8081-exec-7] javax.persistence.spi - javax.persistence.spi::No valid providers found.
2019-12-04 09:10:24.582 INFO  [1202032370987851777] [http-nio-8081-exec-7] c.d.t.javaprojectbestpractices.utils.log.LogAop - ========================================== Start ==========================================
2019-12-04 09:10:24.583 INFO  [1202032370987851777] [http-nio-8081-exec-7] c.d.t.javaprojectbestpractices.utils.log.LogAop - 方法URL            : http://localhost:8081/spring-demo/user/save
2019-12-04 09:10:24.583 INFO  [1202032370987851777] [http-nio-8081-exec-7] c.d.t.javaprojectbestpractices.utils.log.LogAop - 方法Description    : 新增一个用户
2019-12-04 09:10:24.583 INFO  [1202032370987851777] [http-nio-8081-exec-7] c.d.t.javaprojectbestpractices.utils.log.LogAop - HTTP Method    : POST
2019-12-04 09:10:24.583 INFO  [1202032370987851777] [http-nio-8081-exec-7] c.d.t.javaprojectbestpractices.utils.log.LogAop - Class Method   : com.dmsdbj.team3.javaprojectbestpractices.controller.impl.UserController.saveUser
2019-12-04 09:10:24.583 INFO  [1202032370987851777] [http-nio-8081-exec-7] c.d.t.javaprojectbestpractices.utils.log.LogAop - IP             : 0:0:0:0:0:0:0:1
2019-12-04 09:10:24.583 INFO  [1202032370987851777] [http-nio-8081-exec-7] c.d.t.javaprojectbestpractices.utils.log.LogAop - Request Args   : [{"otherInfo":{"city":"string","sex":"string"},"deleted":0,"userEvaluation":"string","phone":"18333640089","name":"sunshine","id":887,"age":0,"email":"18333640089@163.com"}]
2019-12-04 09:10:24.590 INFO  [1202032370987851777] [http-nio-8081-exec-7] p6spy - 1575421824590|1|statement|connection 4|url jdbc:p6spy:mysql://localhost:3306/test|INSERT INTO user  ( id, other_info, deleted, userEvaluation, create_time, phone, name, update_time, email, age )  VALUES  ( ?, ?, ?, ?, ?, ?, ?, ?, ?, ? )|INSERT INTO user  ( id, other_info, deleted, userEvaluation, create_time, phone, name, update_time, email, age )  VALUES  ( 887, '{"city":"string","sex":"string"}', 0, 'string', '2019-12-04T09:10:24.585+0800', '18333640089', 'sunshine', '2019-12-04T09:10:24.585+0800', '18333640089@163.com', 0 )
2019-12-04 09:10:24.590 INFO  [1202032370987851777] [http-nio-8081-exec-7] c.d.t.javaprojectbestpractices.utils.log.LogAop - Response Args  : {"code":0,"data":[true],"message":"success"}
2019-12-04 09:10:24.590 INFO  [1202032370987851777] [http-nio-8081-exec-7] c.d.t.javaprojectbestpractices.utils.log.LogAop - Time-Consuming : 8 ms
2019-12-04 09:10:24.590 INFO  [] [http-nio-8081-exec-7] c.d.t.javaprojectbestpractices.utils.log.LogAop - =========================================== End ===========================================

2019-12-04 09:10:44.126 INFO  [1202032452957134850] [http-nio-8081-exec-8] c.d.t.javaprojectbestpractices.utils.log.LogAop - ========================================== Start ==========================================
2019-12-04 09:10:44.126 INFO  [1202032452957134850] [http-nio-8081-exec-8] c.d.t.javaprojectbestpractices.utils.log.LogAop - 方法URL            : http://localhost:8081/spring-demo/user/updateUserByPhone/18333640089/18333640078
2019-12-04 09:10:44.126 INFO  [1202032452957134850] [http-nio-8081-exec-8] c.d.t.javaprojectbestpractices.utils.log.LogAop - 方法Description    : 根据用户的手机号更新用户信息
2019-12-04 09:10:44.126 INFO  [1202032452957134850] [http-nio-8081-exec-8] c.d.t.javaprojectbestpractices.utils.log.LogAop - HTTP Method    : POST
2019-12-04 09:10:44.126 INFO  [1202032452957134850] [http-nio-8081-exec-8] c.d.t.javaprojectbestpractices.utils.log.LogAop - Class Method   : com.dmsdbj.team3.javaprojectbestpractices.controller.impl.UserController.updateUserByPhone
2019-12-04 09:10:44.126 INFO  [1202032452957134850] [http-nio-8081-exec-8] c.d.t.javaprojectbestpractices.utils.log.LogAop - IP             : 0:0:0:0:0:0:0:1
2019-12-04 09:10:44.126 INFO  [1202032452957134850] [http-nio-8081-exec-8] c.d.t.javaprojectbestpractices.utils.log.LogAop - Request Args   : ["18333640089","18333640078"]
2019-12-04 09:10:44.135 INFO  [1202032452957134850] [http-nio-8081-exec-8] p6spy - 1575421844135|0|statement|connection 4|url jdbc:p6spy:mysql://localhost:3306/test|select           		id, name,age,email,phone,userEvaluation,deleted,create_time,update_time,other_info 	          from user         where phone = ? and deleted=0|select           		id, name,age,email,phone,userEvaluation,deleted,create_time,update_time,other_info 	          from user         where phone = '18333640089' and deleted=0
2019-12-04 09:10:44.141 INFO  [1202032452957134850] [http-nio-8081-exec-8] c.d.t.j.service.impl.UserServiceImpl - 根据手机号查询到用户信息. phone=[18333640089],user=[{"age":0,"createTime":1575421825000,"deleted":0,"email":"18333640089@163.com","id":887,"name":"sunshine","otherInfo":{"city":"string","sex":"string"},"phone":"18333640089","updateTime":1575421825000,"userEvaluation":"string"}]
2019-12-04 09:10:44.145 INFO  [1202032452957134850] [http-nio-8081-exec-8] p6spy - 1575421844145|0|statement|connection 4|url jdbc:p6spy:mysql://localhost:3306/test|UPDATE user  SET other_info=?, userEvaluation=?, create_time=?, phone=?, name=?, update_time=?, email=?, age=?  WHERE id=?   AND deleted=0|UPDATE user  SET other_info='{"city":"string","sex":"string"}', userEvaluation='string', create_time='2019-12-04T09:10:25.000+0800', phone='18333640078', name='sunshine', update_time='2019-12-04T09:10:25.000+0800', email='18333640089@163.com', age=0  WHERE id=887   AND deleted=0
2019-12-04 09:10:44.147 INFO  [1202032452957134850] [http-nio-8081-exec-8] c.d.t.javaprojectbestpractices.utils.log.LogAop - Response Args  : {"code":0,"data":[true],"message":"success"}
2019-12-04 09:10:44.147 INFO  [1202032452957134850] [http-nio-8081-exec-8] c.d.t.javaprojectbestpractices.utils.log.LogAop - Time-Consuming : 22 ms
2019-12-04 09:10:44.148 INFO  [] [http-nio-8081-exec-8] c.d.t.javaprojectbestpractices.utils.log.LogAop - =========================================== End ===========================================

2019-12-04 09:10:54.725 INFO  [] [SpringContextShutdownHook] o.s.scheduling.concurrent.ThreadPoolTaskExecutor - Shutting down ExecutorService 'applicationTaskExecutor'
2019-12-04 09:10:54.731 INFO  [] [SpringContextShutdownHook] com.alibaba.druid.pool.DruidDataSource - {dataSource-1} closed
